15 [139856648050496] TRACE perfrun.launcher <> - ENTER: int main(int, char **)
17 [139856648050496] TRACE perfrun.launcher <> - ENTER: Start the collection
17 [139856648050496] INFO perfrun.launcher <> - argc = 6; cmdline = /opt/intel/advisor_2018.2.0.551025/bin64/advixe-runss -dump-vdso -r /tmp/advixe-tmp-ingambe/advixe-res-29590-8754503075212 --tmp-dir /tmp/advixe-tmp-ingambe 
17 [139856648050496] TRACE perfrun.launcher <> - ENTER: Initialize the launcher
19 [139856648050496] TRACE perfrun.launcher <> - ENTER: void runtool::CmdLineParser::declareOptions()
25 [139856648050496] TRACE perfrun.launcher <> - EXIT:  void runtool::CmdLineParser::declareOptions()
25 [139856648050496] TRACE perfrun.system <> - ENTER: static runtool::system::IController *runtool::system::IController::create()
25 [139856648050496] TRACE perfrun.system <> - ENTER: runtool::system::Controller::Controller()
25 [139856648050496] TRACE perfrun.system <> - EXIT:  runtool::system::Controller::Controller()
26 [139856648050496] TRACE perfrun.system <> - EXIT:  static runtool::system::IController *runtool::system::IController::create()
26 [139856648050496] INFO perfrun.launcher <> - plugin system has been added successfully
26 [139856648050496] INFO perfrun.launcher <> - plugin  has been added successfully
26 [139856648050496] INFO perfrun.launcher <> - plugin  has been added successfully
26 [139856648050496] INFO perfrun.launcher <> - plugin  has been added successfully
26 [139856648050496] INFO perfrun.launcher <> - plugin  has been added successfully
26 [139856648050496] INFO perfrun.launcher <> - plugin  has been added successfully
26 [139856648050496] INFO perfrun.launcher <> - plugin  has been added successfully
26 [139856648050496] INFO perfrun.launcher <> - plugin mrte has been added successfully
26 [139856648050496] INFO perfrun.launcher <> - plugin  has been added successfully
26 [139856648050496] INFO perfrun.launcher <> - plugin  has been added successfully
27 [139856648050496] INFO perfrun.launcher <> - plugin  has been added successfully
27 [139856648050496] INFO perfrun.launcher <> - plugin  has been added successfully
27 [139856648050496] INFO perfrun.launcher <> - plugin  has been added successfully
27 [139856648050496] TRACE perfrun.tpss <> - ENTER: static runtool::sdk::IController *runtool::tpss::IController::create()
27 [139856648050496] TRACE perfrun.tpss <> - ENTER: create tpss controller
27 [139856648050496] TRACE perfrun.tpss <> - EXIT:  create tpss controller
27 [139856648050496] TRACE perfrun.tpss <> - EXIT:  static runtool::sdk::IController *runtool::tpss::IController::create()
27 [139856648050496] INFO perfrun.launcher <> - plugin tpss has been added successfully
27 [139856648050496] INFO perfrun.launcher <> - plugin  has been added successfully
27 [139856648050496] INFO perfrun.launcher <> - plugin  has been added successfully
27 [139856648050496] INFO perfrun.launcher <> - plugin  has been added successfully
27 [139856648050496] INFO perfrun.launcher <> - plugin  has been added successfully
27 [139856648050496] INFO perfrun.launcher <> - plugin  has been added successfully
27 [139856648050496] INFO perfrun.launcher <> - plugin  has been added successfully
28 [139856648050496] INFO perfrun.launcher <> - the option was added --interval: Specify an interval of data collection (for example, sampling) in milliseconds.
28 [139856648050496] INFO perfrun.launcher <> - the option was added --follow-child: Profile process with or without children.
28 [139856648050496] INFO perfrun.launcher <> - the option was added --gelding: BADMSG: perfrun1.launcher.plugin_manager::gelding
28 [139856648050496] INFO perfrun.launcher <> - the option was added --time-source: Specify time source for measurement. Possible values: sys - wall clock time; tsc - time stamp counter; ext - time from an external source; auto - auto select accurate time source.
28 [139856648050496] INFO perfrun.launcher <> - the option was added --stack: Enable or disable collection of stacks.
28 [139856648050496] INFO perfrun.launcher <> - the option was added --stack-stitching: Enable or disable the stack stitching algorithm for Intel TBB-based applications.
28 [139856648050496] INFO perfrun.launcher <> - the option was added --type: Specify type of data to be collected. For example, --type cpu:counters,waiting:nostack,io.
28 [139856648050496] INFO perfrun.launcher <> - the option was added --mrte-mode: Specify Java/.NET/other managed runtime collection mode. Possible values: native - collect information only for native code; managed - collect information only for managed code; mixed - collect information for both managed and native code; auto - choose the mode based on binary type.
28 [139856648050496] INFO perfrun.launcher <> - the option was added --mrte-mode-list: List supported Java/.NET/other managed runtime collection modes.
28 [139856648050496] INFO perfrun.launcher <> - the option was added --mrte-type: Specify which managed runtimes to collect. Possible values: java - collect information for Java; dotnet - collect information for .NET; python - collect information for CPython. You can specify several values separated by comma.
28 [139856648050496] INFO perfrun.launcher <> - the option was added --mrte-type-list: List supported Java/.NET/other managed runtime types.
28 [139856648050496] INFO perfrun.launcher <> - the option was added --trace-strategy: Specify how to profile a process tree. <string> can be "<process>:trace:notrace" - profile the process but do not profile its children. Shorthand parameters: t - trace, nt - notrace. For example, "vtunedemo.exe:t:t".
28 [139856648050496] INFO perfrun.launcher <> - the option was added --collector: BADMSG: perfrun1.launcher.plugin_manager::collector
28 [139856648050496] INFO perfrun.launcher <> - the option was added --system-wide: Enable system-wide profiling. This mode may require additional permissions.
28 [139856648050496] INFO perfrun.launcher <> - the option was added --kvm-guest: Enable KVM guest OS profiling.
28 [139856648050496] INFO perfrun.launcher <> - the option was added --kvm-guest-kallsyms: Specify a local path to the /proc/kallsyms file copied from the guest OS for proper symbol resolution.
28 [139856648050496] INFO perfrun.launcher <> - the option was added --kvm-guest-modules: Specify a local path to the /proc/modules file copied from the guest OS for proper symbol resolution.
28 [139856648050496] INFO perfrun.launcher <> - the option was added --target-system: BADMSG: perfrun1.launcher.plugin_manager::target-system
29 [139856648050496] INFO perfrun.launcher <> - the option was added --dump-vdso: Dump [vdso] to result directory
29 [139856648050496] INFO perfrun.launcher <> - the option was added --bandwidth-limits: Measure bandwidth limits
29 [139856648050496] INFO perfrun.launcher <> - the option was added --bandwidth-strategy: Bandwidth limits determination specific properties (example: --bandwidth-strategy array-size=0,duration=500).
29 [139856648050496] INFO perfrun.launcher <> - the option was added --bandwidth-config: List of benchmarks to run.
29 [139856648050496] INFO perfrun.launcher <> - the option was added --benchmark-sync: Run synchronized bandwidth measurement.
29 [139856648050496] INFO perfrun.launcher <> - the option was added --system-collector-config: Specify subcollectors. Possible values: all, vdso, container, device-info, none.
29 [139856648050496] INFO perfrun.launcher <> - the option was added --stackwalk: Specify stack unwinding method. Possible values: online - unwind stacks during collection; offline - unwind stacks after collection is finished.
29 [139856648050496] INFO perfrun.launcher <> - the option was added --filter-include: Filter data during collection. Possible values: contended=<on|off> - filter out uncontended events; contended_nostack=<time> - filter out stacks for contended events that take less than <time> microseconds; wait=<time> - ignore transitions and blocks with wait time less than <time> microseconds; wait_nostack=<time> - filter out stacks for waits that take less than <time> microseconds.
29 [139856648050496] INFO perfrun.launcher <> - the option was added --debug-pin: Debug PIN tool and runtime.
29 [139856648050496] INFO perfrun.launcher <> - the option was added --debug-exception: Disallow the application to set own abnormal termination handler.
29 [139856648050496] INFO perfrun.launcher <> - the option was added --trace-type: Specify the trace file granularity. Possible values: per-thread - per-thread trace file generation; per-process - per-process trace file generation.
29 [139856648050496] INFO perfrun.launcher <> - the option was added --instrumentation-type: Specify type of instrumentation.
29 [139856648050496] INFO perfrun.launcher <> - the option was added --altstack: Enable or disable usage of altstacks for profiling signal handlers.
29 [139856648050496] INFO perfrun.launcher <> - the option was added --profiling-signal: Alternate profiling signal.
29 [139856648050496] INFO perfrun.launcher <> - the option was added --memory-strategy: Specify a minimal memory object size to be traced and a hash table size for faster objects search; for example: --memory-strategy obj-size-min=1024,hash-table-size=4096.
29 [139856648050496] TRACE perfrun.launcher <> - Update configuration: tmp directory = /tmp/advixe-tmp-ingambe
29 [139856648050496] TRACE perfrun.launcher <> - EXIT:  Initialize the launcher
30 [139856648050496] INFO perfrun.launcher <> - create msngr2::ICliToolContext
30 [139856648050496] TRACE perfrun.launcher <> - ENTER: void runtool::CmdLineParser::validateParseResult() const
30 [139856648050496] TRACE perfrun.launcher <> - EXIT:  void runtool::CmdLineParser::validateParseResult() const
30 [139856648050496] TRACE perfrun.launcher <> - ENTER: void runtool::CmdLineParser::populate(runtool::IConfiguration *) const
30 [139856648050496] WARN perfrun.launcher <> - action #14 cannot be translated to string and will be unknown, at file: vcs/perfrun1/launcher/src/configuration.cpp:96
30 [139856648050496] TRACE perfrun.launcher <> - Update configuration: action = unknown
30 [139856648050496] TRACE perfrun.launcher <> - Update configuration: collection type = system-wide
30 [139856648050496] TRACE perfrun.launcher <> - Update configuration: compression level = 2
30 [139856648050496] TRACE perfrun.launcher <> - Update configuration: duration = 0 sec
30 [139856648050496] TRACE perfrun.launcher <> - Update configuration: data limit = 0 bytes
30 [139856648050496] TRACE perfrun.launcher <> - Update configuration: disc space limit = 0 bytes
30 [139856648050496] TRACE perfrun.launcher <> - Update configuration: return-app-exitcode = false
30 [139856648050496] TRACE perfrun.launcher <> - Update configuration: tmp directory = /tmp/advixe-tmp-ingambe
30 [139856648050496] TRACE perfrun.launcher <> - Update configuration: result directory = /tmp/advixe-tmp-ingambe/advixe-res-29590-8754503075212
30 [139856648050496] TRACE perfrun.launcher <> - [IN] option = follow-child; value = true !bool
30 [139856648050496] TRACE perfrun.launcher <> - [IN] option = gelding; value = false !bool
30 [139856648050496] TRACE perfrun.launcher <> - [IN] option = time-source; value = auto !ustring
30 [139856648050496] TRACE perfrun.launcher <> - [IN] option = stack; value = true !bool
31 [139856648050496] TRACE perfrun.launcher <> - [IN] option = stack-stitching; value = false !bool
31 [139856648050496] TRACE perfrun.launcher <> - [IN] option = mrte-mode; value = native !ustring
31 [139856648050496] TRACE perfrun.launcher <> - [IN] option = collector; value = sep !ustring
31 [139856648050496] TRACE perfrun.launcher <> - [IN] option = system-wide; value = false !bool
31 [139856648050496] TRACE perfrun.launcher <> - [IN] option = kvm-guest; value = false !bool
31 [139856648050496] TRACE perfrun.launcher <> - [IN] option = dump-vdso; value = null
31 [139856648050496] TRACE perfrun.launcher <> - [IN] option = bandwidth-limits; value = false !bool
31 [139856648050496] TRACE perfrun.launcher <> - [IN] option = benchmark-sync; value = false !bool
31 [139856648050496] TRACE perfrun.launcher <> - [IN] option = system-collector-config; value = all !ustring
31 [139856648050496] TRACE perfrun.launcher <> - [IN] option = trace-type; value = per-thread !ustring
31 [139856648050496] TRACE perfrun.launcher <> - [IN] option = instrumentation-type; value = pin !ustring
31 [139856648050496] TRACE perfrun.launcher <> - [IN] option = altstack; value = true !bool
31 [139856648050496] TRACE perfrun.launcher <> - EXIT:  void runtool::CmdLineParser::populate(runtool::IConfiguration *) const
31 [139856531404544] TRACE perfrun.tpss <> - ENTER: void runtool::tpss::Controller::setMessageChannel(runtool::sdk::IMessageChannel *)
31 [139856531404544] TRACE perfrun.tpss <> - EXIT:  void runtool::tpss::Controller::setMessageChannel(runtool::sdk::IMessageChannel *)
31 [139856648050496] INFO perfrun.launcher <> - create file finder object
31 [139856531404544] TRACE perfrun.tpss <> - ENTER: void runtool::tpss::Controller::setRequestHandler(runtool::sdk::IRequestHandler *)
31 [139856531404544] TRACE perfrun.tpss <> - EXIT:  void runtool::tpss::Controller::setRequestHandler(runtool::sdk::IRequestHandler *)
31 [139856648050496] TRACE perfrun.launcher <> - Handle the user request: action = 14
31 [139856648050496] TRACE perfrun.launcher <> - Do external action
31 [139856531404544] TRACE perfrun.launcher <> - Update configuration: follow child = 1
32 [139856531404544] TRACE perfrun.launcher <> - Update configuration: time source = 1
32 [139856531404544] TRACE perfrun.launcher <> - Update configuration: stack = 1
32 [139856531404544] TRACE perfrun.launcher <> - Update configuration: gelding = 0
32 [139856531404544] TRACE perfrun.launcher <> - Update configuration: stack stitching = 0
32 [139856531404544] INFO perfrun.system <> - dumping [vdso] pseudomodule
33 [139856531404544] INFO perfrun.launcher <> - plugin [] was disabled because it doesn't support the given collection type.
33 [139856531404544] INFO perfrun.launcher <> - plugin [] was disabled because it doesn't support the given collection type.
33 [139856531404544] INFO perfrun.launcher <> - plugin [] was disabled because it doesn't support the given collection type.
33 [139856531404544] INFO perfrun.launcher <> - plugin [] was disabled because it doesn't support the given collection type.
33 [139856531404544] INFO perfrun.launcher <> - plugin [] was disabled because it doesn't support the given collection type.
33 [139856531404544] INFO perfrun.launcher <> - plugin [] was disabled because it doesn't support the given collection type.
33 [139856531404544] INFO perfrun.launcher <> - plugin [mrte] was disabled because it doesn't support the given collection type.
33 [139856531404544] INFO perfrun.launcher <> - plugin [] was disabled because it doesn't support the given collection type.
33 [139856531404544] INFO perfrun.launcher <> - plugin [] was disabled because it doesn't support the given collection type.
33 [139856531404544] INFO perfrun.launcher <> - plugin [] was disabled because it doesn't support the given collection type.
33 [139856531404544] INFO perfrun.launcher <> - plugin [] was disabled because it doesn't support the given collection type.
33 [139856531404544] INFO perfrun.launcher <> - plugin [] was disabled because it doesn't support the given collection type.
33 [139856531404544] INFO perfrun.launcher <> - plugin [tpss] was disabled because it doesn't support the given collection type.
33 [139856531404544] INFO perfrun.launcher <> - plugin [] was disabled because it doesn't support the given collection type.
33 [139856531404544] INFO perfrun.launcher <> - plugin [] was disabled because it doesn't support the given collection type.
33 [139856531404544] INFO perfrun.launcher <> - plugin [] was disabled because it doesn't support the given collection type.
33 [139856531404544] INFO perfrun.launcher <> - plugin [] was disabled because it doesn't support the given collection type.
33 [139856531404544] INFO perfrun.launcher <> - plugin [] was disabled because it doesn't support the given collection type.
33 [139856531404544] INFO perfrun.launcher <> - plugin [] was disabled because it doesn't support the given collection type.
33 [139856648050496] INFO perfrun.launcher <> - Application exit code: 0
33 [139856648050496] INFO perfrun.launcher <> - Exit code: 0
33 [139856648050496] TRACE perfrun.launcher <> - EXIT:  Start the collection
33 [139856648050496] TRACE perfrun.launcher <> - ENTER: Destroy the launcher...
33 [139856648050496] TRACE perfrun.launcher <> - EXIT:  Destroy the launcher...
34 [139856648050496] TRACE perfrun.launcher <> - PluginManagerProxy::doOperation thread was terminated.
34 [139856648050496] TRACE perfrun.launcher <> - EXIT:  int main(int, char **)
