debut creation fichiers de sortie

fin de creation fichier de sortie 

debug generation resultat 

ia commence 

i : 1 

GCC 

Segmentation fault (core dumped)
debut creation fichiers de sortie

fin de creation fichier de sortie 

debug generation resultat 

ia commence 

i : 1 

GCC 

Segmentation fault (core dumped)
Segmentation fault (core dumped)
INTEL 

debut creation fichiers de sortie

fin de creation fichier de sortie 

debug generation resultat 

ia commence 

i : 1 

GCC 

debut creation fichiers de sortie

fin de creation fichier de sortie 

debug generation resultat 

ia commence 

i : 1 

GCC 

Segmentation fault (core dumped)
