16 [140513179567936] TRACE perfrun.launcher <> - ENTER: int main(int, char **)
18 [140513179567936] TRACE perfrun.launcher <> - ENTER: Start the collection
21 [140513179567936] INFO perfrun.launcher <> - argc = 6; cmdline = /opt/intel/advisor_2018.2.0.551025/bin64/advixe-runss --ui-output-format xml --ui-output-fd 39 --context-value-list 
21 [140513179567936] TRACE perfrun.launcher <> - ENTER: Initialize the launcher
40 [140513179567936] TRACE perfrun.launcher <> - ENTER: void runtool::CmdLineParser::declareOptions()
45 [140513179567936] TRACE perfrun.launcher <> - EXIT:  void runtool::CmdLineParser::declareOptions()
45 [140513179567936] TRACE perfrun.system <> - ENTER: static runtool::system::IController *runtool::system::IController::create()
45 [140513179567936] TRACE perfrun.system <> - ENTER: runtool::system::Controller::Controller()
45 [140513179567936] TRACE perfrun.system <> - EXIT:  runtool::system::Controller::Controller()
45 [140513179567936] TRACE perfrun.system <> - EXIT:  static runtool::system::IController *runtool::system::IController::create()
45 [140513179567936] INFO perfrun.launcher <> - plugin system has been added successfully
45 [140513179567936] INFO perfrun.launcher <> - plugin  has been added successfully
45 [140513179567936] INFO perfrun.launcher <> - plugin  has been added successfully
45 [140513179567936] INFO perfrun.launcher <> - plugin  has been added successfully
45 [140513179567936] INFO perfrun.launcher <> - plugin  has been added successfully
45 [140513179567936] INFO perfrun.launcher <> - plugin  has been added successfully
45 [140513179567936] INFO perfrun.launcher <> - plugin  has been added successfully
45 [140513179567936] INFO perfrun.launcher <> - plugin mrte has been added successfully
45 [140513179567936] INFO perfrun.launcher <> - plugin  has been added successfully
45 [140513179567936] INFO perfrun.launcher <> - plugin  has been added successfully
46 [140513179567936] INFO perfrun.launcher <> - plugin  has been added successfully
46 [140513179567936] INFO perfrun.launcher <> - plugin  has been added successfully
46 [140513179567936] INFO perfrun.launcher <> - plugin  has been added successfully
46 [140513179567936] TRACE perfrun.tpss <> - ENTER: static runtool::sdk::IController *runtool::tpss::IController::create()
46 [140513179567936] TRACE perfrun.tpss <> - ENTER: create tpss controller
46 [140513179567936] TRACE perfrun.tpss <> - EXIT:  create tpss controller
46 [140513179567936] TRACE perfrun.tpss <> - EXIT:  static runtool::sdk::IController *runtool::tpss::IController::create()
46 [140513179567936] INFO perfrun.launcher <> - plugin tpss has been added successfully
46 [140513179567936] INFO perfrun.launcher <> - plugin  has been added successfully
46 [140513179567936] INFO perfrun.launcher <> - plugin  has been added successfully
46 [140513179567936] INFO perfrun.launcher <> - plugin  has been added successfully
46 [140513179567936] INFO perfrun.launcher <> - plugin  has been added successfully
46 [140513179567936] INFO perfrun.launcher <> - plugin  has been added successfully
46 [140513179567936] INFO perfrun.launcher <> - plugin  has been added successfully
46 [140513179567936] INFO perfrun.launcher <> - the option was added --interval: Specify an interval of data collection (for example, sampling) in milliseconds.
46 [140513179567936] INFO perfrun.launcher <> - the option was added --follow-child: Profile process with or without children.
46 [140513179567936] INFO perfrun.launcher <> - the option was added --gelding: BADMSG: perfrun1.launcher.plugin_manager::gelding
47 [140513179567936] INFO perfrun.launcher <> - the option was added --time-source: Specify time source for measurement. Possible values: sys - wall clock time; tsc - time stamp counter; ext - time from an external source; auto - auto select accurate time source.
47 [140513179567936] INFO perfrun.launcher <> - the option was added --stack: Enable or disable collection of stacks.
47 [140513179567936] INFO perfrun.launcher <> - the option was added --stack-stitching: Enable or disable the stack stitching algorithm for Intel TBB-based applications.
47 [140513179567936] INFO perfrun.launcher <> - the option was added --type: Specify type of data to be collected. For example, --type cpu:counters,waiting:nostack,io.
47 [140513179567936] INFO perfrun.launcher <> - the option was added --mrte-mode: Specify Java/.NET/other managed runtime collection mode. Possible values: native - collect information only for native code; managed - collect information only for managed code; mixed - collect information for both managed and native code; auto - choose the mode based on binary type.
47 [140513179567936] INFO perfrun.launcher <> - the option was added --mrte-mode-list: List supported Java/.NET/other managed runtime collection modes.
47 [140513179567936] INFO perfrun.launcher <> - the option was added --mrte-type: Specify which managed runtimes to collect. Possible values: java - collect information for Java; dotnet - collect information for .NET; python - collect information for CPython. You can specify several values separated by comma.
47 [140513179567936] INFO perfrun.launcher <> - the option was added --mrte-type-list: List supported Java/.NET/other managed runtime types.
47 [140513179567936] INFO perfrun.launcher <> - the option was added --trace-strategy: Specify how to profile a process tree. <string> can be "<process>:trace:notrace" - profile the process but do not profile its children. Shorthand parameters: t - trace, nt - notrace. For example, "vtunedemo.exe:t:t".
47 [140513179567936] INFO perfrun.launcher <> - the option was added --collector: BADMSG: perfrun1.launcher.plugin_manager::collector
48 [140513179567936] INFO perfrun.launcher <> - the option was added --system-wide: Enable system-wide profiling. This mode may require additional permissions.
48 [140513179567936] INFO perfrun.launcher <> - the option was added --kvm-guest: Enable KVM guest OS profiling.
48 [140513179567936] INFO perfrun.launcher <> - the option was added --kvm-guest-kallsyms: Specify a local path to the /proc/kallsyms file copied from the guest OS for proper symbol resolution.
48 [140513179567936] INFO perfrun.launcher <> - the option was added --kvm-guest-modules: Specify a local path to the /proc/modules file copied from the guest OS for proper symbol resolution.
48 [140513179567936] INFO perfrun.launcher <> - the option was added --target-system: BADMSG: perfrun1.launcher.plugin_manager::target-system
48 [140513179567936] INFO perfrun.launcher <> - the option was added --dump-vdso: Dump [vdso] to result directory
48 [140513179567936] INFO perfrun.launcher <> - the option was added --bandwidth-limits: Measure bandwidth limits
48 [140513179567936] INFO perfrun.launcher <> - the option was added --bandwidth-strategy: Bandwidth limits determination specific properties (example: --bandwidth-strategy array-size=0,duration=500).
48 [140513179567936] INFO perfrun.launcher <> - the option was added --bandwidth-config: List of benchmarks to run.
48 [140513179567936] INFO perfrun.launcher <> - the option was added --benchmark-sync: Run synchronized bandwidth measurement.
49 [140513179567936] INFO perfrun.launcher <> - the option was added --system-collector-config: Specify subcollectors. Possible values: all, vdso, container, device-info, none.
49 [140513179567936] INFO perfrun.launcher <> - the option was added --stackwalk: Specify stack unwinding method. Possible values: online - unwind stacks during collection; offline - unwind stacks after collection is finished.
49 [140513179567936] INFO perfrun.launcher <> - the option was added --filter-include: Filter data during collection. Possible values: contended=<on|off> - filter out uncontended events; contended_nostack=<time> - filter out stacks for contended events that take less than <time> microseconds; wait=<time> - ignore transitions and blocks with wait time less than <time> microseconds; wait_nostack=<time> - filter out stacks for waits that take less than <time> microseconds.
49 [140513179567936] INFO perfrun.launcher <> - the option was added --debug-pin: Debug PIN tool and runtime.
49 [140513179567936] INFO perfrun.launcher <> - the option was added --debug-exception: Disallow the application to set own abnormal termination handler.
49 [140513179567936] INFO perfrun.launcher <> - the option was added --trace-type: Specify the trace file granularity. Possible values: per-thread - per-thread trace file generation; per-process - per-process trace file generation.
49 [140513179567936] INFO perfrun.launcher <> - the option was added --instrumentation-type: Specify type of instrumentation.
49 [140513179567936] INFO perfrun.launcher <> - the option was added --altstack: Enable or disable usage of altstacks for profiling signal handlers.
49 [140513179567936] INFO perfrun.launcher <> - the option was added --profiling-signal: Alternate profiling signal.
49 [140513179567936] INFO perfrun.launcher <> - the option was added --memory-strategy: Specify a minimal memory object size to be traced and a hash table size for faster objects search; for example: --memory-strategy obj-size-min=1024,hash-table-size=4096.
49 [140513179567936] TRACE perfrun.launcher <> - Update configuration: tmp directory = /tmp/advixe-tmp-flyfire
49 [140513179567936] TRACE perfrun.launcher <> - EXIT:  Initialize the launcher
50 [140513179567936] INFO perfrun.launcher <> - create msngr2::ICliToolContext
50 [140513179567936] TRACE perfrun.launcher <> - ENTER: void runtool::CmdLineParser::validateParseResult() const
50 [140513179567936] TRACE perfrun.launcher <> - EXIT:  void runtool::CmdLineParser::validateParseResult() const
50 [140513179567936] TRACE perfrun.launcher <> - ENTER: void runtool::CmdLineParser::populate(runtool::IConfiguration *) const
50 [140513179567936] TRACE perfrun.launcher <> - Update configuration: action = context value list
50 [140513179567936] TRACE perfrun.launcher <> - Update configuration: collection type = system-wide
50 [140513179567936] TRACE perfrun.launcher <> - Update configuration: compression level = 2
50 [140513179567936] TRACE perfrun.launcher <> - Update configuration: duration = 0 sec
50 [140513179567936] TRACE perfrun.launcher <> - Update configuration: data limit = 0 bytes
50 [140513179567936] TRACE perfrun.launcher <> - Update configuration: disc space limit = 0 bytes
50 [140513179567936] TRACE perfrun.launcher <> - Update configuration: return-app-exitcode = false
50 [140513179567936] TRACE perfrun.launcher <> - Update configuration: result directory = r@@@
50 [140513179567936] TRACE perfrun.launcher <> - [IN] option = follow-child; value = true !bool
50 [140513179567936] TRACE perfrun.launcher <> - [IN] option = gelding; value = false !bool
50 [140513179567936] TRACE perfrun.launcher <> - [IN] option = time-source; value = auto !ustring
50 [140513179567936] TRACE perfrun.launcher <> - [IN] option = stack; value = true !bool
50 [140513179567936] TRACE perfrun.launcher <> - [IN] option = stack-stitching; value = false !bool
50 [140513179567936] TRACE perfrun.launcher <> - [IN] option = mrte-mode; value = native !ustring
50 [140513179567936] TRACE perfrun.launcher <> - [IN] option = collector; value = sep !ustring
50 [140513179567936] TRACE perfrun.launcher <> - [IN] option = system-wide; value = false !bool
50 [140513179567936] TRACE perfrun.launcher <> - [IN] option = kvm-guest; value = false !bool
50 [140513179567936] TRACE perfrun.launcher <> - [IN] option = bandwidth-limits; value = false !bool
51 [140513179567936] TRACE perfrun.launcher <> - [IN] option = benchmark-sync; value = false !bool
51 [140513179567936] TRACE perfrun.launcher <> - [IN] option = system-collector-config; value = all !ustring
51 [140513179567936] TRACE perfrun.launcher <> - [IN] option = trace-type; value = per-thread !ustring
51 [140513179567936] TRACE perfrun.launcher <> - [IN] option = instrumentation-type; value = pin !ustring
51 [140513179567936] TRACE perfrun.launcher <> - [IN] option = altstack; value = true !bool
51 [140513179567936] TRACE perfrun.launcher <> - EXIT:  void runtool::CmdLineParser::populate(runtool::IConfiguration *) const
51 [140513063655168] TRACE perfrun.tpss <> - ENTER: void runtool::tpss::Controller::setMessageChannel(runtool::sdk::IMessageChannel *)
51 [140513063655168] TRACE perfrun.tpss <> - EXIT:  void runtool::tpss::Controller::setMessageChannel(runtool::sdk::IMessageChannel *)
53 [140513179567936] INFO perfrun.launcher <> - create file finder object
55 [140513063655168] TRACE perfrun.tpss <> - ENTER: void runtool::tpss::Controller::setRequestHandler(runtool::sdk::IRequestHandler *)
55 [140513063655168] TRACE perfrun.tpss <> - EXIT:  void runtool::tpss::Controller::setRequestHandler(runtool::sdk::IRequestHandler *)
55 [140513179567936] TRACE perfrun.launcher <> - Handle the user request: action = 12
55 [140513179567936] TRACE perfrun.launcher <> - Do context-value-list action
108 [140513179567936] INFO perfrun.launcher <> - Put into the variant bag the context value: name = targetOS; value = Linux
108 [140513179567936] INFO perfrun.launcher <> - Put into the variant bag the context value: name = OS; value = Linux
112 [140513179567936] INFO perfrun.launcher <> - Put into the variant bag the context value: name = OSBitness; value = 64
112 [140513179567936] INFO perfrun.launcher <> - Put into the variant bag the context value: name = RootPrivileges; value = false
112 [140513179567936] INFO perfrun.launcher <> - Put into the variant bag the context value: name = isPtraceScopeLimited; value = true
112 [140513179567936] INFO perfrun.launcher <> - Put into the variant bag the context value: name = isTSXAvailable; value = false
112 [140513179567936] INFO perfrun.launcher <> - Put into the variant bag the context value: name = isHTEnabled; value = false
112 [140513179567936] INFO perfrun.launcher <> - Put into the variant bag the context value: name = fpgaOnBoard; value = None
112 [140513179567936] INFO perfrun.launcher <> - Put into the variant bag the context value: name = pciClassParts; value = 
112 [140513179567936] INFO perfrun.launcher <> - Put into the variant bag the context value: name = isSGXAvailable; value = false
112 [140513179567936] INFO perfrun.launcher <> - Put into the variant bag the context value: name = LinuxRelease; value = 4.13.0-38-generic
112 [140513179567936] INFO perfrun.launcher <> - Put into the variant bag the context value: name = IsNUMANodeWithoutCPUsPresent; value = false
112 [140513179567936] INFO perfrun.launcher <> - Put into the variant bag the context value: name = Hypervisor; value = KVMKVMKVM
112 [140513179567936] INFO perfrun.launcher <> - Put into the variant bag the context value: name = PerfmonVersion; value = 0
112 [140513179567936] INFO perfrun.launcher <> - Put into the variant bag the context value: name = isTPSSAvailable; value = true
112 [140513179567936] INFO perfrun.launcher <> - Put into the variant bag the context value: name = isPytraceAvailable; value = true
112 [140513179567936] INFO perfrun.launcher <> - Put into the variant bag the context value: name = isGENDebugInfoAvailable; value = false
112 [140513179567936] INFO perfrun.launcher <> - Put into the variant bag the context value: name = isGTPinCollectionAvailable; value = ErrorNotSupported
112 [140513179567936] TRACE perfrun.launcher <> - IMessenger: send variant bag
113 [140513179567936] INFO perfrun.launcher <> - Application exit code: 0
113 [140513179567936] INFO perfrun.launcher <> - Exit code: 0
113 [140513179567936] TRACE perfrun.launcher <> - EXIT:  Start the collection
113 [140513179567936] TRACE perfrun.launcher <> - ENTER: Destroy the launcher...
113 [140513179567936] TRACE perfrun.launcher <> - EXIT:  Destroy the launcher...
113 [140513179567936] TRACE perfrun.launcher <> - PluginManagerProxy::doOperation thread was terminated.
113 [140513179567936] TRACE perfrun.launcher <> - EXIT:  int main(int, char **)
