17 [140488661792576] TRACE perfrun.launcher <> - ENTER: int main(int, char **)
18 [140488661792576] TRACE perfrun.launcher <> - ENTER: Start the collection
18 [140488661792576] INFO perfrun.launcher <> - argc = 7; cmdline = /opt/intel/advisor_2018.2.0.551025/bin64/advixe-runss --ui-output-format xml --ui-output-fd 39 --option-file /home/flyfire/Bureau/ter/intel/TER/e000/hs005/config/runss.options 
18 [140488661792576] TRACE perfrun.launcher <> - ENTER: Initialize the launcher
59 [140488661792576] TRACE perfrun.launcher <> - ENTER: void runtool::CmdLineParser::declareOptions()
73 [140488661792576] TRACE perfrun.launcher <> - EXIT:  void runtool::CmdLineParser::declareOptions()
73 [140488661792576] TRACE perfrun.system <> - ENTER: static runtool::system::IController *runtool::system::IController::create()
73 [140488661792576] TRACE perfrun.system <> - ENTER: runtool::system::Controller::Controller()
73 [140488661792576] TRACE perfrun.system <> - EXIT:  runtool::system::Controller::Controller()
73 [140488661792576] TRACE perfrun.system <> - EXIT:  static runtool::system::IController *runtool::system::IController::create()
73 [140488661792576] INFO perfrun.launcher <> - plugin system has been added successfully
73 [140488661792576] INFO perfrun.launcher <> - plugin  has been added successfully
73 [140488661792576] INFO perfrun.launcher <> - plugin  has been added successfully
73 [140488661792576] INFO perfrun.launcher <> - plugin  has been added successfully
73 [140488661792576] INFO perfrun.launcher <> - plugin  has been added successfully
73 [140488661792576] INFO perfrun.launcher <> - plugin  has been added successfully
73 [140488661792576] INFO perfrun.launcher <> - plugin  has been added successfully
73 [140488661792576] INFO perfrun.launcher <> - plugin mrte has been added successfully
73 [140488661792576] INFO perfrun.launcher <> - plugin  has been added successfully
73 [140488661792576] INFO perfrun.launcher <> - plugin  has been added successfully
73 [140488661792576] INFO perfrun.launcher <> - plugin  has been added successfully
73 [140488661792576] INFO perfrun.launcher <> - plugin  has been added successfully
73 [140488661792576] INFO perfrun.launcher <> - plugin  has been added successfully
73 [140488661792576] TRACE perfrun.tpss <> - ENTER: static runtool::sdk::IController *runtool::tpss::IController::create()
73 [140488661792576] TRACE perfrun.tpss <> - ENTER: create tpss controller
74 [140488661792576] TRACE perfrun.tpss <> - EXIT:  create tpss controller
74 [140488661792576] TRACE perfrun.tpss <> - EXIT:  static runtool::sdk::IController *runtool::tpss::IController::create()
74 [140488661792576] INFO perfrun.launcher <> - plugin tpss has been added successfully
74 [140488661792576] INFO perfrun.launcher <> - plugin  has been added successfully
74 [140488661792576] INFO perfrun.launcher <> - plugin  has been added successfully
74 [140488661792576] INFO perfrun.launcher <> - plugin  has been added successfully
74 [140488661792576] INFO perfrun.launcher <> - plugin  has been added successfully
74 [140488661792576] INFO perfrun.launcher <> - plugin  has been added successfully
74 [140488661792576] INFO perfrun.launcher <> - plugin  has been added successfully
74 [140488661792576] INFO perfrun.launcher <> - the option was added --interval: Specify an interval of data collection (for example, sampling) in milliseconds.
74 [140488661792576] INFO perfrun.launcher <> - the option was added --follow-child: Profile process with or without children.
74 [140488661792576] INFO perfrun.launcher <> - the option was added --gelding: BADMSG: perfrun1.launcher.plugin_manager::gelding
74 [140488661792576] INFO perfrun.launcher <> - the option was added --time-source: Specify time source for measurement. Possible values: sys - wall clock time; tsc - time stamp counter; ext - time from an external source; auto - auto select accurate time source.
74 [140488661792576] INFO perfrun.launcher <> - the option was added --stack: Enable or disable collection of stacks.
74 [140488661792576] INFO perfrun.launcher <> - the option was added --stack-stitching: Enable or disable the stack stitching algorithm for Intel TBB-based applications.
74 [140488661792576] INFO perfrun.launcher <> - the option was added --type: Specify type of data to be collected. For example, --type cpu:counters,waiting:nostack,io.
74 [140488661792576] INFO perfrun.launcher <> - the option was added --mrte-mode: Specify Java/.NET/other managed runtime collection mode. Possible values: native - collect information only for native code; managed - collect information only for managed code; mixed - collect information for both managed and native code; auto - choose the mode based on binary type.
74 [140488661792576] INFO perfrun.launcher <> - the option was added --mrte-mode-list: List supported Java/.NET/other managed runtime collection modes.
74 [140488661792576] INFO perfrun.launcher <> - the option was added --mrte-type: Specify which managed runtimes to collect. Possible values: java - collect information for Java; dotnet - collect information for .NET; python - collect information for CPython. You can specify several values separated by comma.
74 [140488661792576] INFO perfrun.launcher <> - the option was added --mrte-type-list: List supported Java/.NET/other managed runtime types.
74 [140488661792576] INFO perfrun.launcher <> - the option was added --trace-strategy: Specify how to profile a process tree. <string> can be "<process>:trace:notrace" - profile the process but do not profile its children. Shorthand parameters: t - trace, nt - notrace. For example, "vtunedemo.exe:t:t".
74 [140488661792576] INFO perfrun.launcher <> - the option was added --collector: BADMSG: perfrun1.launcher.plugin_manager::collector
74 [140488661792576] INFO perfrun.launcher <> - the option was added --system-wide: Enable system-wide profiling. This mode may require additional permissions.
74 [140488661792576] INFO perfrun.launcher <> - the option was added --kvm-guest: Enable KVM guest OS profiling.
75 [140488661792576] INFO perfrun.launcher <> - the option was added --kvm-guest-kallsyms: Specify a local path to the /proc/kallsyms file copied from the guest OS for proper symbol resolution.
75 [140488661792576] INFO perfrun.launcher <> - the option was added --kvm-guest-modules: Specify a local path to the /proc/modules file copied from the guest OS for proper symbol resolution.
76 [140488661792576] INFO perfrun.launcher <> - the option was added --target-system: BADMSG: perfrun1.launcher.plugin_manager::target-system
76 [140488661792576] INFO perfrun.launcher <> - the option was added --dump-vdso: Dump [vdso] to result directory
76 [140488661792576] INFO perfrun.launcher <> - the option was added --bandwidth-limits: Measure bandwidth limits
76 [140488661792576] INFO perfrun.launcher <> - the option was added --bandwidth-strategy: Bandwidth limits determination specific properties (example: --bandwidth-strategy array-size=0,duration=500).
76 [140488661792576] INFO perfrun.launcher <> - the option was added --bandwidth-config: List of benchmarks to run.
76 [140488661792576] INFO perfrun.launcher <> - the option was added --benchmark-sync: Run synchronized bandwidth measurement.
76 [140488661792576] INFO perfrun.launcher <> - the option was added --system-collector-config: Specify subcollectors. Possible values: all, vdso, container, device-info, none.
77 [140488661792576] INFO perfrun.launcher <> - the option was added --stackwalk: Specify stack unwinding method. Possible values: online - unwind stacks during collection; offline - unwind stacks after collection is finished.
77 [140488661792576] INFO perfrun.launcher <> - the option was added --filter-include: Filter data during collection. Possible values: contended=<on|off> - filter out uncontended events; contended_nostack=<time> - filter out stacks for contended events that take less than <time> microseconds; wait=<time> - ignore transitions and blocks with wait time less than <time> microseconds; wait_nostack=<time> - filter out stacks for waits that take less than <time> microseconds.
77 [140488661792576] INFO perfrun.launcher <> - the option was added --debug-pin: Debug PIN tool and runtime.
77 [140488661792576] INFO perfrun.launcher <> - the option was added --debug-exception: Disallow the application to set own abnormal termination handler.
77 [140488661792576] INFO perfrun.launcher <> - the option was added --trace-type: Specify the trace file granularity. Possible values: per-thread - per-thread trace file generation; per-process - per-process trace file generation.
77 [140488661792576] INFO perfrun.launcher <> - the option was added --instrumentation-type: Specify type of instrumentation.
77 [140488661792576] INFO perfrun.launcher <> - the option was added --altstack: Enable or disable usage of altstacks for profiling signal handlers.
77 [140488661792576] INFO perfrun.launcher <> - the option was added --profiling-signal: Alternate profiling signal.
77 [140488661792576] INFO perfrun.launcher <> - the option was added --memory-strategy: Specify a minimal memory object size to be traced and a hash table size for faster objects search; for example: --memory-strategy obj-size-min=1024,hash-table-size=4096.
77 [140488661792576] TRACE perfrun.launcher <> - Update configuration: tmp directory = /tmp/advixe-tmp-flyfire
77 [140488661792576] TRACE perfrun.launcher <> - EXIT:  Initialize the launcher
78 [140488661792576] TRACE perfrun.launcher <> - ENTER: void runtool::CmdLineParser::parseOptionFile(const std::basic_string<char, std::char_traits<char>, std::allocator<char>> &)
79 [140488661792576] TRACE perfrun.launcher <> - EXIT:  void runtool::CmdLineParser::parseOptionFile(const std::basic_string<char, std::char_traits<char>, std::allocator<char>> &)
79 [140488661792576] INFO perfrun.launcher <> - create msngr2::ICliToolContext
80 [140488661792576] TRACE perfrun.launcher <> - ENTER: void runtool::CmdLineParser::validateParseResult() const
80 [140488661792576] TRACE perfrun.launcher <> - EXIT:  void runtool::CmdLineParser::validateParseResult() const
80 [140488661792576] TRACE perfrun.launcher <> - ENTER: void runtool::CmdLineParser::populate(runtool::IConfiguration *) const
80 [140488661792576] TRACE perfrun.launcher <> - Update configuration: action = start
80 [140488661792576] TRACE perfrun.launcher <> - Update configuration: collection type = launcher
80 [140488661792576] TRACE perfrun.launcher <> - Update configuration: compression level = 2
80 [140488661792576] TRACE perfrun.launcher <> - Update configuration: duration = 0 sec
80 [140488661792576] TRACE perfrun.launcher <> - Update configuration: data limit = 524288000 bytes
80 [140488661792576] TRACE perfrun.launcher <> - Update configuration: disc space limit = 0 bytes
80 [140488661792576] TRACE perfrun.launcher <> - Update configuration: return-app-exitcode = true
80 [140488661792576] TRACE perfrun.launcher <> - Update configuration: result directory = /home/flyfire/Bureau/ter/intel/TER/e000/hs005
80 [140488661792576] TRACE perfrun.launcher <> - Update configuration: application = /home/flyfire/Bureau/ter/bin/advisor_advisor.out
80 [140488661792576] TRACE perfrun.launcher <> - Update configuration: application argument = /home/flyfire/Bureau/ter/input/j1.txt
80 [140488661792576] TRACE perfrun.launcher <> - [IN] option = interval; value = 10 !u32_t
80 [140488661792576] TRACE perfrun.launcher <> - [IN] option = follow-child; value = true !bool
80 [140488661792576] TRACE perfrun.launcher <> - [IN] option = gelding; value = false !bool
80 [140488661792576] TRACE perfrun.launcher <> - [IN] option = time-source; value = auto !ustring
80 [140488661792576] TRACE perfrun.launcher <> - [IN] option = stack; value = true !bool
80 [140488661792576] TRACE perfrun.launcher <> - [IN] option = stack-stitching; value = true !bool
80 [140488661792576] TRACE perfrun.launcher <> - [IN] option = type; value = cpu:stack !ustring
80 [140488661792576] TRACE perfrun.launcher <> - [IN] option = mrte-mode; value = auto !ustring
80 [140488661792576] TRACE perfrun.launcher <> - [IN] option = mrte-type; value = java !ustring
80 [140488661792576] TRACE perfrun.launcher <> - [IN] option = mrte-type; value = python !ustring
80 [140488661792576] TRACE perfrun.launcher <> - [IN] option = trace-strategy; value = ld-linux.so.2:notrace:notrace !ustring
80 [140488661792576] TRACE perfrun.launcher <> - [IN] option = trace-strategy; value = ld-linux-x86-64.so.2:notrace:notrace !ustring
80 [140488661792576] TRACE perfrun.launcher <> - [IN] option = collector; value = sep !ustring
80 [140488661792576] TRACE perfrun.launcher <> - [IN] option = system-wide; value = false !bool
80 [140488661792576] TRACE perfrun.launcher <> - [IN] option = kvm-guest; value = false !bool
80 [140488661792576] TRACE perfrun.launcher <> - [IN] option = bandwidth-limits; value = false !bool
80 [140488661792576] TRACE perfrun.launcher <> - [IN] option = bandwidth-config; value = dram !ustring
80 [140488661792576] TRACE perfrun.launcher <> - [IN] option = bandwidth-config; value = mcdram !ustring
80 [140488661792576] TRACE perfrun.launcher <> - [IN] option = bandwidth-config; value = cpu_cache !ustring
80 [140488661792576] TRACE perfrun.launcher <> - [IN] option = bandwidth-config; value = flop_peak !ustring
80 [140488661792576] TRACE perfrun.launcher <> - [IN] option = benchmark-sync; value = false !bool
80 [140488661792576] TRACE perfrun.launcher <> - [IN] option = system-collector-config; value = all !ustring
80 [140488661792576] TRACE perfrun.launcher <> - [IN] option = stackwalk; value = offline !ustring
80 [140488661792576] TRACE perfrun.launcher <> - [IN] option = trace-type; value = per-thread !ustring
80 [140488661792576] TRACE perfrun.launcher <> - [IN] option = instrumentation-type; value = pin !ustring
80 [140488661792576] TRACE perfrun.launcher <> - [IN] option = altstack; value = true !bool
80 [140488661792576] TRACE perfrun.launcher <> - EXIT:  void runtool::CmdLineParser::populate(runtool::IConfiguration *) const
80 [140488545879808] TRACE perfrun.tpss <> - ENTER: void runtool::tpss::Controller::setMessageChannel(runtool::sdk::IMessageChannel *)
80 [140488545879808] TRACE perfrun.tpss <> - EXIT:  void runtool::tpss::Controller::setMessageChannel(runtool::sdk::IMessageChannel *)
80 [140488661792576] INFO perfrun.launcher <> - create file finder object
80 [140488545879808] TRACE perfrun.tpss <> - ENTER: void runtool::tpss::Controller::setRequestHandler(runtool::sdk::IRequestHandler *)
80 [140488545879808] TRACE perfrun.tpss <> - EXIT:  void runtool::tpss::Controller::setRequestHandler(runtool::sdk::IRequestHandler *)
80 [140488661792576] TRACE perfrun.launcher <> - Handle the user request: action = 0
80 [140488661792576] TRACE perfrun.launcher <> - ENTER: int runtool::Launcher::doStart()
80 [140488661792576] TRACE perfrun.launcher <> - ENTER: void runtool::Launcher::prepareLaunch()
80 [140488661792576] TRACE perfrun.launcher <> - ENTER: void runtool::Launcher::prepareResultDirectory()
80 [140488661792576] INFO perfrun.launcher <> - create a result directory: pattern = /home/flyfire/Bureau/ter/intel/TER/e000/hs005 pid = 4294967295
83 [140488661792576] TRACE perfrun.sdk <> - ENTER: bool runtool::sdk::DirectoryInfo::isLocal() const
83 [140488661792576] INFO perfrun.sdk <> - checked that the directory /home/flyfire/Bureau/ter/intel/TER/e000/hs005 is a local directory
85 [140488661792576] INFO perfrun.sdk <> - the directory /home/flyfire/Bureau/ter/intel/TER/e000/hs005 is a local directory with FS type ID 61267
85 [140488661792576] TRACE perfrun.sdk <> - EXIT:  bool runtool::sdk::DirectoryInfo::isLocal() const
85 [140488661792576] TRACE perfrun.launcher <> - Update configuration: result directory = /home/flyfire/Bureau/ter/intel/TER/e000/hs005
85 [140488661792576] INFO perfrun.launcher <> - create data directory = /home/flyfire/Bureau/ter/intel/TER/e000/hs005/data.0
85 [140488661792576] TRACE perfrun.launcher <> - Update configuration: data directory = /home/flyfire/Bureau/ter/intel/TER/e000/hs005/data.0
85 [140488661792576] TRACE perfrun.launcher <> - EXIT:  void runtool::Launcher::prepareResultDirectory()
123 [140488661792576] TRACE perfrun.launcher <> - IMessenger: send collection state with state = 11
123 [140488545879808] TRACE perfrun.launcher <> - Update configuration: follow child = 1
124 [140488545879808] TRACE perfrun.launcher <> - Update configuration: time source = 1
124 [140488545879808] TRACE perfrun.launcher <> - Update configuration: stack = 1
124 [140488545879808] TRACE perfrun.launcher <> - Update configuration: gelding = 0
124 [140488545879808] TRACE perfrun.launcher <> - Update configuration: stack stitching = 1
124 [140488545879808] TRACE perfrun.system <> - ENTER: int runtool::system::Controller::initialize(runtool::sdk::IConfiguration *)
124 [140488545879808] INFO perfrun.system <> - online nodes : 0
124 [140488545879808] INFO perfrun.system <> - nodes with cpus : 0
124 [140488545879808] INFO perfrun.system <> - nodes with memory : 0
124 [140488545879808] TRACE perfrun.system <> - ENTER: int runtool::system::TraceWriter::initialize(runtool::sdk::IConfiguration *, runtool::system::TraceWriter::Settings *)
124 [140488545879808] TRACE perfrun.sdk <> - 0x792e202
124 [140488545879808] TRACE perfrun.sdk <> - ENTER: runtool::sdk::TraceFile::TraceFile(tpss_tmu_creator *, unsigned int, const std::basic_string<char, std::char_traits<char>, std::allocator<char>> &, bool)
124 [140488545879808] INFO perfrun.sdk <> - Allocating TMU :/home/flyfire/Bureau/ter/intel/TER/e000/hs005/data.0/systemcollector-28659-flyfire-VirtualBox.sc
124 [140488545879808] TRACE perfrun.sdk <> - EXIT:  runtool::sdk::TraceFile::TraceFile(tpss_tmu_creator *, unsigned int, const std::basic_string<char, std::char_traits<char>, std::allocator<char>> &, bool)
124 [140488545879808] TRACE perfrun.system <> - EXIT:  int runtool::system::TraceWriter::initialize(runtool::sdk::IConfiguration *, runtool::system::TraceWriter::Settings *)
124 [140488545879808] TRACE perfrun.system <> - EXIT:  int runtool::system::Controller::initialize(runtool::sdk::IConfiguration *)
124 [140488545879808] INFO perfrun.launcher <> - plugin [] was disabled because it doesn't support the given collection type.
124 [140488545879808] INFO perfrun.launcher <> - plugin [] was disabled because it doesn't support the given collection type.
124 [140488545879808] INFO perfrun.launcher <> - plugin [] was disabled because it doesn't support the given collection type.
124 [140488545879808] INFO perfrun.launcher <> - plugin [] was disabled because it doesn't support the given collection type.
124 [140488545879808] INFO perfrun.launcher <> - plugin [] was disabled because it doesn't support the given collection type.
124 [140488545879808] INFO perfrun.launcher <> - plugin [] was disabled because it doesn't support the given collection type.
124 [140488545879808] TRACE perfrun.mrte <> - ENTER: int runtool::mrte::Controller::initialize(runtool::sdk::IConfiguration *)
124 [140488545879808] TRACE perfrun.mrte <> - EXIT:  int runtool::mrte::Controller::initialize(runtool::sdk::IConfiguration *)
124 [140488545879808] INFO perfrun.launcher <> - plugin [mrte] was disabled because it doesn't support the given collection type.
124 [140488545879808] INFO perfrun.launcher <> - plugin [] was disabled because it doesn't support the given collection type.
124 [140488545879808] INFO perfrun.launcher <> - plugin [] was disabled because it doesn't support the given collection type.
124 [140488545879808] INFO perfrun.launcher <> - plugin [] was disabled because it doesn't support the given collection type.
124 [140488545879808] INFO perfrun.launcher <> - plugin [] was disabled because it doesn't support the given collection type.
124 [140488545879808] INFO perfrun.launcher <> - plugin [] was disabled because it doesn't support the given collection type.
124 [140488545879808] TRACE perfrun.tpss <> - ENTER: int runtool::tpss::Controller::initialize(runtool::sdk::IConfiguration *)
124 [140488545879808] INFO perfrun.tpss <> - initialize tpss controller
124 [140488545879808] TRACE perfrun.tpss <> - ENTER: bool runtool::tpss::Controller::configureCollectionMode(const std::basic_string<char, std::char_traits<char>, std::allocator<char>> &)
124 [140488545879808] INFO perfrun.tpss <> - configure collection mode: value = cpu:stack
124 [140488545879808] TRACE perfrun.tpss <> - EXIT:  bool runtool::tpss::Controller::configureCollectionMode(const std::basic_string<char, std::char_traits<char>, std::allocator<char>> &)
124 [140488545879808] TRACE perfrun.tpss <> - ENTER: tpss::trace_file_t runtool::tpss::castTraceFileType(const gen_helpers2::variant_t &)
124 [140488545879808] TRACE perfrun.tpss <> - EXIT:  tpss::trace_file_t runtool::tpss::castTraceFileType(const gen_helpers2::variant_t &)
125 [140488545879808] INFO perfrun.tpss <> - default obj-size-min=1024
125 [140488545879808] INFO perfrun.tpss <> - default hash-table-size=0
125 [140488545879808] TRACE perfrun.tpss <> - EXIT:  int runtool::tpss::Controller::initialize(runtool::sdk::IConfiguration *)
125 [140488545879808] INFO perfrun.launcher <> - plugin [] was disabled because it doesn't support the given collection type.
125 [140488545879808] INFO perfrun.launcher <> - plugin [] was disabled because it doesn't support the given collection type.
125 [140488545879808] INFO perfrun.launcher <> - plugin [] was disabled because it doesn't support the given collection type.
125 [140488545879808] INFO perfrun.launcher <> - plugin [] was disabled because it doesn't support the given collection type.
125 [140488545879808] INFO perfrun.launcher <> - plugin [] was disabled because it doesn't support the given collection type.
125 [140488545879808] INFO perfrun.launcher <> - plugin [] was disabled because it doesn't support the given collection type.
125 [140488661792576] TRACE perfrun.launcher <> - RpcServer was created for IPC filename = /home/flyfire/Bureau/ter/intel/TER/e000/hs005/runtool.28659.ipc
125 [140488661792576] TRACE perfrun.launcher <> - RpcServer: setup all handlers at once
125 [140488661792576] TRACE perfrun.launcher <> - RpcServer: setup a handler for ICancelRequest
125 [140488661792576] TRACE perfrun.launcher <> - RpcServer: setup a handler for IPauseRequest
125 [140488661792576] TRACE perfrun.launcher <> - RpcServer: setup a handler for IResumeRequest
125 [140488661792576] TRACE perfrun.launcher <> - RpcServer: setup a handler for IStopRequest
125 [140488661792576] TRACE perfrun.launcher <> - RpcServer: setup a handler for IStatusRequest
125 [140488661792576] TRACE perfrun.launcher <> - RpcServer: setup a handler for IDetachRequest
125 [140488661792576] TRACE perfrun.launcher <> - RpcServer: setup a handler for IMarkRequest
125 [140488661792576] INFO perfrun.launcher <> - RpcServer: run RPC server to handle requests
125 [140488661792576] DEBUG perfrun.launcher <> - RpcServer: wrote information about the RPC server into the IPC file
125 [140488661792576] TRACE perfrun.launcher <> - EXIT:  void runtool::Launcher::prepareLaunch()
125 [140488661792576] INFO perfrun.launcher <> - Launcher: command line to start before modification = /home/flyfire/Bureau/ter/bin/advisor_advisor.out /home/flyfire/Bureau/ter/input/j1.txt
125 [140488545879808] TRACE perfrun.tpss <> - ENTER: void runtool::tpss::Controller::modifyCommandLine(std::basic_string<char, std::char_traits<char>, std::allocator<char>> &) const
125 [140488545879808] TRACE perfrun.tpss <> - EXIT:  void runtool::tpss::Controller::modifyCommandLine(std::basic_string<char, std::char_traits<char>, std::allocator<char>> &) const
125 [140488661792576] INFO perfrun.launcher <> - Launcher: command line to start after modification = /opt/intel/advisor_2018.2.0.551025/bin64/pin -error_file /home/flyfire/Bureau/ter/intel/TER/e000/hs005/data.0/pinerr.tpsslog -detach_reattach -follow_execv -tool_load_option deepbind -t64 /opt/intel/advisor_2018.2.0.551025/lib64/libtpsstool.so -t /opt/intel/advisor_2018.2.0.551025/lib32/libtpsstool.so -server_name tpss_ipc.28659 -prd_dir /opt/intel/advisor_2018.2.0.551025 -- /home/flyfire/Bureau/ter/bin/advisor_advisor.out /home/flyfire/Bureau/ter/input/j1.txt
125 [140488661792576] INFO perfrun.launcher <> - ProcessCreator object was created
125 [140488661792576] TRACE perfrun.launcher <> - ENTER: unsigned int runtool::ProcessCreator::start(bool)
126 [140488661792576] TRACE perfrun.launcher <> - EXIT:  unsigned int runtool::ProcessCreator::start(bool)
126 [140488661792576] INFO perfrun.launcher <> - Launcher: the process was started in suspend mode
126 [140488545879808] TRACE perfrun.system <> - ENTER: void runtool::system::Controller::onEvent(runtool::sdk::collection_state_t)
126 [140488545879808] TRACE perfrun.system <> - EXIT:  void runtool::system::Controller::onEvent(runtool::sdk::collection_state_t)
126 [140488545879808] TRACE perfrun.system <> - ENTER: bool runtool::system::Controller::start(unsigned int)
126 [140488545879808] INFO perfrun.system <> - Helper runtool '/opt/intel/advisor_2018.2.0.551025/bin32/advixe-runss -dump-vdso -r /home/flyfire/Bureau/ter/intel/TER/e000/hs005 --tmp-dir /tmp/advixe-tmp-flyfire' returned 1
127 [140488535156480] TRACE perfrun.launcher <> - ENTER: RpcServer: the main loop handles RPC requests  from clients
184 [140488545879808] INFO perfrun.system <> - Helper runtool '/opt/intel/advisor_2018.2.0.551025/bin64/advixe-runss -dump-vdso -r /home/flyfire/Bureau/ter/intel/TER/e000/hs005 --tmp-dir /tmp/advixe-tmp-flyfire' returned 0
184 [140488545879808] TRACE perfrun.launcher <> - IMessenger: send message with severity = 1 and msg = Peak bandwidth measurement started.
184 [140488545879808] INFO perfrun.launcher <> - Messenger::say: Peak bandwidth measurement started.
184 [140488545879808] TRACE perfrun.system <> - Max bandwidth measurement: array_size(b)=25165824 duration(ms)=100
3049 [140488545879808] TRACE perfrun.launcher <> - IMessenger: send message with severity = 1 and msg = Peak bandwidth measurement finished.
3049 [140488545879808] INFO perfrun.launcher <> - Messenger::say: Peak bandwidth measurement finished.
3049 [140488545879808] TRACE perfrun.system <> - ENTER: bool runtool::system::getVideoAdapters(std::vector<runtool::system::gpu_adapter_t, std::allocator<runtool::system::gpu_adapter_t>> &)
3098 [140488545879808] TRACE perfrun.system <> - EXIT:  bool runtool::system::getVideoAdapters(std::vector<runtool::system::gpu_adapter_t, std::allocator<runtool::system::gpu_adapter_t>> &)
3098 [140488545879808] TRACE perfrun.sdk <> - ENTER: bool runtool::sdk::runSystemCmd(const std::basic_string<char, std::char_traits<char>, std::allocator<char>> &, std::basic_string<char, std::char_traits<char>, std::allocator<char>> *, bool, const std::basic_string<char, std::char_traits<char>, std::allocator<char>> &)
3098 [140488545879808] WARN perfrun.sdk <> - Failed to find xl binary on any of the system paths: /bin, /sbin, /usr/bin, /usr/sbin., at file: vcs/perfrun1/sdk/src/utils.cpp:433
3098 [140488545879808] TRACE perfrun.sdk <> - EXIT:  bool runtool::sdk::runSystemCmd(const std::basic_string<char, std::char_traits<char>, std::allocator<char>> &, std::basic_string<char, std::char_traits<char>, std::allocator<char>> *, bool, const std::basic_string<char, std::char_traits<char>, std::allocator<char>> &)
3102 [140488545879808] TRACE perfrun.system <> - EXIT:  bool runtool::system::Controller::start(unsigned int)
3102 [140488545879808] TRACE perfrun.tpss <> - ENTER: bool runtool::tpss::Controller::start(unsigned int)
3102 [140488545879808] INFO perfrun.tpss <> - start tpss controller for pid #28673
3152 [140488545879808] TRACE perfrun.tpss <> - EXIT:  bool runtool::tpss::Controller::start(unsigned int)
3152 [140488545879808] TRACE perfrun.system <> - ENTER: void runtool::system::Controller::onEvent(runtool::sdk::collection_state_t)
3152 [140488545879808] TRACE perfrun.system <> - EXIT:  void runtool::system::Controller::onEvent(runtool::sdk::collection_state_t)
3152 [140488661792576] INFO perfrun.launcher <> - Launcher: all plugins were started
3152 [140488661792576] TRACE perfrun.launcher <> - IMessenger: send collection state with state = 1
3152 [140488661792576] TRACE perfrun.launcher <> - ENTER: void runtool::Launcher::setupResumeAfterCallback()
3152 [140488661792576] TRACE perfrun.launcher <> - EXIT:  void runtool::Launcher::setupResumeAfterCallback()
3152 [140488661792576] TRACE perfrun.launcher <> - ENTER: void runtool::Launcher::setupHardStopCallbacks()
3152 [140488661792576] INFO perfrun.launcher <> - DirectoryMonitor object was created
3153 [140488661792576] INFO perfrun.launcher <> - DirectoryMonitor: a callback was added
3153 [140488661792576] INFO perfrun.launcher <> - DirectoryMonitor was started with pingTime = 1000
3153 [140488661792576] INFO perfrun.launcher <> - DeadlineTimer is going to be constructed
3153 [140488661792576] INFO perfrun.launcher <> - DeadlineTimer: a callback was added
3153 [140488661792576] TRACE perfrun.launcher <> - EXIT:  void runtool::Launcher::setupHardStopCallbacks()
3153 [140488661792576] TRACE perfrun.launcher <> - ENTER: void runtool::Launcher::setupDurationCallback(bool)
3153 [140488661792576] TRACE perfrun.launcher <> - EXIT:  void runtool::Launcher::setupDurationCallback(bool)
3189 [140488661792576] TRACE perfrun.launcher <> - ENTER: void runtool::ProcessCreator::resume()
3189 [140488661792576] DEBUG perfrun.launcher <> - ProcessCreator: the process with pid = 28673 is resumed
3191 [140488661792576] TRACE perfrun.launcher <> - EXIT:  void runtool::ProcessCreator::resume()
3191 [140488661792576] INFO perfrun.launcher <> - Launcher: resume the profiled application and  wait its termination or stop command
3191 [140488661792576] TRACE perfrun.launcher <> - ENTER: int runtool::ProcessCreator::wait()
3191 [140488661792576] TRACE perfrun.launcher <> - ENTER: int runtool::ProcessCreator::waitPid()
3288 [140488661792576] TRACE perfrun.launcher <> - EXIT:  int runtool::ProcessCreator::waitPid()
3288 [140488661792576] TRACE perfrun.launcher <> - EXIT:  int runtool::ProcessCreator::wait()
3288 [140488661792576] INFO perfrun.launcher <> - Launcher: the profiled application was terminated  with exit code = 1
3288 [140488661792576] TRACE perfrun.launcher <> - ENTER: void runtool::Launcher::waitForSlaves(const std::basic_string<char, std::char_traits<char>, std::allocator<char>> &)
3288 [140488661792576] TRACE perfrun.sdk <> - ENTER: void runtool::sdk::getFilesFromDirectoryByExt(const std::basic_string<char, std::char_traits<char>, std::allocator<char>> &, const std::basic_string<char, std::char_traits<char>, std::allocator<char>> &, std::list<std::basic_string<char, std::char_traits<char>, std::allocator<char>>, std::allocator<std::basic_string<char, std::char_traits<char>, std::allocator<char>>>> &)
3289 [140488661792576] TRACE perfrun.sdk <> - EXIT:  void runtool::sdk::getFilesFromDirectoryByExt(const std::basic_string<char, std::char_traits<char>, std::allocator<char>> &, const std::basic_string<char, std::char_traits<char>, std::allocator<char>> &, std::list<std::basic_string<char, std::char_traits<char>, std::allocator<char>>, std::allocator<std::basic_string<char, std::char_traits<char>, std::allocator<char>>>> &)
3289 [140488661792576] TRACE perfrun.launcher <> - EXIT:  void runtool::Launcher::waitForSlaves(const std::basic_string<char, std::char_traits<char>, std::allocator<char>> &)
3289 [140488545879808] TRACE perfrun.system <> - ENTER: void runtool::system::Controller::onEvent(runtool::sdk::collection_state_t)
3289 [140488545879808] TRACE perfrun.system <> - EXIT:  void runtool::system::Controller::onEvent(runtool::sdk::collection_state_t)
3289 [140488545879808] TRACE perfrun.system <> - ENTER: bool runtool::system::Controller::stop()
3292 [140488545879808] TRACE perfrun.system <> - EXIT:  bool runtool::system::Controller::stop()
3293 [140488545879808] TRACE perfrun.tpss <> - ENTER: bool runtool::tpss::Controller::stop()
3293 [140488545879808] INFO perfrun.tpss <> - stop tpss controller
3293 [140488545879808] TRACE perfrun.tpss <> - EXIT:  bool runtool::tpss::Controller::stop()
3293 [140488545879808] TRACE perfrun.system <> - ENTER: void runtool::system::Controller::onEvent(runtool::sdk::collection_state_t)
3293 [140488545879808] TRACE perfrun.sdk <> - ENTER: void runtool::sdk::TraceFile::close(boost::system::error_code &)
3293 [140488545879808] INFO perfrun.sdk <> - De-allocating TMU: /home/flyfire/Bureau/ter/intel/TER/e000/hs005/data.0/systemcollector-28659-flyfire-VirtualBox.sc
3293 [140488545879808] TRACE perfrun.sdk <> - EXIT:  void runtool::sdk::TraceFile::close(boost::system::error_code &)
3293 [140488545879808] INFO perfrun.system <> - closed the system trace file: /home/flyfire/Bureau/ter/intel/TER/e000/hs005/data.0/systemcollector-28659-flyfire-VirtualBox.sc
3293 [140488545879808] TRACE perfrun.system <> - EXIT:  void runtool::system::Controller::onEvent(runtool::sdk::collection_state_t)
3293 [140488661792576] TRACE perfrun.launcher <> - ENTER: void runtool::ProcessSetMonitor<T>::stop() [with T = unsigned int]
3293 [140488661792576] TRACE perfrun.launcher <> - EXIT:  void runtool::ProcessSetMonitor<T>::stop() [with T = unsigned int]
3293 [140488661792576] TRACE perfrun.launcher <> - ENTER: void runtool::ProcessCreator::stop()
3293 [140488661792576] TRACE perfrun.launcher <> - EXIT:  void runtool::ProcessCreator::stop()
3293 [140488661792576] INFO perfrun.launcher <> - Launcher: all plugins were stopped.
3293 [140488661792576] TRACE perfrun.launcher <> - ENTER: void runtool::Launcher::resetDurationCallback()
3293 [140488661792576] TRACE perfrun.launcher <> - EXIT:  void runtool::Launcher::resetDurationCallback()
3293 [140488661792576] TRACE perfrun.launcher <> - ENTER: void runtool::Launcher::resetResumeAfterCallback()
3293 [140488661792576] TRACE perfrun.launcher <> - EXIT:  void runtool::Launcher::resetResumeAfterCallback()
3293 [140488661792576] TRACE perfrun.launcher <> - ENTER: void runtool::Launcher::resetHardStopCallbacks()
3293 [140488661792576] INFO perfrun.launcher <> - DeadlineTimer is going to be destroyed
3293 [140488661792576] INFO perfrun.launcher <> - DirectoryMonitor object was destroyed
3293 [140488661792576] TRACE perfrun.launcher <> - EXIT:  void runtool::Launcher::resetHardStopCallbacks()
3293 [140488661792576] WARN perfrun.launcher <> - Stop command is ignored because it is received when collection is already stopped, at file: vcs/perfrun1/launcher/src/command_handler.cpp:209
3293 [140488661792576] TRACE perfrun.launcher <> - ENTER: void runtool::Launcher::shutdownLaunch()
3293 [140488661792576] TRACE perfrun.launcher <> - ENTER: void runtool::Launcher::resetDurationCallback()
3293 [140488661792576] TRACE perfrun.launcher <> - EXIT:  void runtool::Launcher::resetDurationCallback()
3293 [140488661792576] TRACE perfrun.launcher <> - ENTER: void runtool::Launcher::resetResumeAfterCallback()
3293 [140488661792576] TRACE perfrun.launcher <> - EXIT:  void runtool::Launcher::resetResumeAfterCallback()
3293 [140488661792576] TRACE perfrun.launcher <> - ENTER: void runtool::Launcher::resetHardStopCallbacks()
3293 [140488661792576] TRACE perfrun.launcher <> - EXIT:  void runtool::Launcher::resetHardStopCallbacks()
3293 [140488661792576] TRACE perfrun.launcher <> - ENTER: void runtool::RpcServer::stop()
3293 [140488661792576] TRACE perfrun.launcher <> - ENTER: Send RPC request
3293 [140488661792576] TRACE perfrun.launcher <> - header and body of the message was send: header = 22 serialization::archive 10 0 0 8 0 0 0 0; body = 22 serialization::archive 10 0 0 8 0 0 0 0
3293 [140488661792576] TRACE perfrun.launcher <> - EXIT:  Send RPC request
3293 [140488535156480] TRACE perfrun.launcher <> - ENTER: Receive RPC request
3293 [140488535156480] TRACE perfrun.launcher <> - header of the message was received: size = 8; message =       2a
3293 [140488535156480] TRACE perfrun.launcher <> - body of the message was received: size = 42; message = 22 serialization::archive 10 0 0 8 0 0 0 0
3293 [140488535156480] TRACE perfrun.launcher <> - EXIT:  Receive RPC request
3293 [140488535156480] TRACE perfrun.launcher <> - EXIT:  RpcServer: the main loop handles RPC requests  from clients
3293 [140488661792576] TRACE perfrun.launcher <> - EXIT:  void runtool::RpcServer::stop()
3294 [140488661792576] TRACE perfrun.launcher <> - ENTER: void runtool::Launcher::waitForSlaves(const std::basic_string<char, std::char_traits<char>, std::allocator<char>> &)
3294 [140488661792576] TRACE perfrun.sdk <> - ENTER: void runtool::sdk::getFilesFromDirectoryByExt(const std::basic_string<char, std::char_traits<char>, std::allocator<char>> &, const std::basic_string<char, std::char_traits<char>, std::allocator<char>> &, std::list<std::basic_string<char, std::char_traits<char>, std::allocator<char>>, std::allocator<std::basic_string<char, std::char_traits<char>, std::allocator<char>>>> &)
3294 [140488661792576] TRACE perfrun.sdk <> - EXIT:  void runtool::sdk::getFilesFromDirectoryByExt(const std::basic_string<char, std::char_traits<char>, std::allocator<char>> &, const std::basic_string<char, std::char_traits<char>, std::allocator<char>> &, std::list<std::basic_string<char, std::char_traits<char>, std::allocator<char>>, std::allocator<std::basic_string<char, std::char_traits<char>, std::allocator<char>>>> &)
3294 [140488661792576] TRACE perfrun.launcher <> - EXIT:  void runtool::Launcher::waitForSlaves(const std::basic_string<char, std::char_traits<char>, std::allocator<char>> &)
3294 [140488661792576] TRACE perfrun.launcher <> - EXIT:  void runtool::Launcher::shutdownLaunch()
3294 [140488661792576] TRACE perfrun.launcher <> - EXIT:  int runtool::Launcher::doStart()
3294 [140488661792576] TRACE perfrun.launcher <> - IMessenger: send collection state with state = 3
3294 [140488661792576] INFO perfrun.launcher <> - Application exit code: 1
3294 [140488661792576] INFO perfrun.launcher <> - Exit code: 1
3294 [140488661792576] TRACE perfrun.launcher <> - EXIT:  Start the collection
3294 [140488661792576] TRACE perfrun.launcher <> - ENTER: Destroy the launcher...
3294 [140488661792576] TRACE perfrun.launcher <> - EXIT:  Destroy the launcher...
3294 [140488661792576] TRACE perfrun.launcher <> - ENTER: runtool::RpcServer::~RpcServer()
3294 [140488661792576] TRACE perfrun.launcher <> - ENTER: void runtool::RpcServer::stop()
3294 [140488661792576] TRACE perfrun.launcher <> - EXIT:  void runtool::RpcServer::stop()
3294 [140488661792576] TRACE perfrun.launcher <> - EXIT:  runtool::RpcServer::~RpcServer()
3294 [140488661792576] TRACE perfrun.launcher <> - ENTER: runtool::ProcessCreator::~ProcessCreator()
3294 [140488661792576] TRACE perfrun.launcher <> - ENTER: void runtool::ProcessCreator::stop()
3294 [140488661792576] TRACE perfrun.launcher <> - EXIT:  void runtool::ProcessCreator::stop()
3294 [140488661792576] TRACE perfrun.launcher <> - EXIT:  runtool::ProcessCreator::~ProcessCreator()
3294 [140488661792576] TRACE perfrun.launcher <> - PluginManagerProxy::doOperation thread was terminated.
3295 [140488661792576] TRACE perfrun.launcher <> - EXIT:  int main(int, char **)
