debut creation fichiers de sortie\n
fin de creation fichier de sortie \n
debug generation resultat \n
1 thread \n
i : 1 \n
GCC \n
INTEL \n
CLANG \n
i : 2 \n
GCC \n
INTEL \n
CLANG \n
i : 3 \n
GCC \n
INTEL \n
CLANG \n
i : 4 \n
GCC \n
INTEL \n
CLANG \n
i : 5 \n
GCC \n
INTEL \n
CLANG \n
i : 6 \n
GCC \n
INTEL \n
CLANG \n
i : 7 \n
GCC \n
INTEL \n
CLANG \n
i : 8 \n
GCC \n
INTEL \n
CLANG \n
i : 9 \n
GCC \n
INTEL \n
CLANG \n
i : 10 \n
GCC \n
INTEL \n
CLANG \n
i : 11 \n
GCC \n
INTEL \n
CLANG \n
i : 12 \n
GCC \n
INTEL \n
CLANG \n
i : 13 \n
GCC \n
INTEL \n
CLANG \n
i : 14 \n
GCC \n
INTEL \n
CLANG \n
i : 15 \n
GCC \n
INTEL \n
CLANG \n
i : 16 \n
GCC \n
INTEL \n
CLANG \n
i : 17 \n
GCC \n
INTEL \n
CLANG \n
i : 18 \n
GCC \n
INTEL \n
CLANG \n
i : 19 \n
GCC \n
INTEL \n
CLANG \n
i : 20 \n
GCC \n
INTEL \n
CLANG \n
2 thread \n
i : 1 \n
GCC \n
INTEL \n
CLANG \n
i : 2 \n
GCC \n
INTEL \n
CLANG \n
i : 3 \n
GCC \n
INTEL \n
CLANG \n
i : 4 \n
GCC \n
INTEL \n
CLANG \n
i : 5 \n
GCC \n
INTEL \n
CLANG \n
i : 6 \n
GCC \n
INTEL \n
CLANG \n
i : 7 \n
GCC \n
INTEL \n
CLANG \n
i : 8 \n
GCC \n
INTEL \n
CLANG \n
i : 9 \n
GCC \n
INTEL \n
CLANG \n
i : 10 \n
GCC \n
INTEL \n
CLANG \n
i : 11 \n
GCC \n
INTEL \n
CLANG \n
i : 12 \n
GCC \n
INTEL \n
CLANG \n
i : 13 \n
GCC \n
INTEL \n
CLANG \n
i : 14 \n
GCC \n
INTEL \n
CLANG \n
i : 15 \n
GCC \n
INTEL \n
CLANG \n
i : 16 \n
GCC \n
INTEL \n
CLANG \n
i : 17 \n
GCC \n
INTEL \n
CLANG \n
i : 18 \n
GCC \n
INTEL \n
CLANG \n
i : 19 \n
GCC \n
INTEL \n
CLANG \n
i : 20 \n
GCC \n
INTEL \n
CLANG \n
3 thread \n
i : 1 \n
GCC \n
debut creation fichiers de sortie\n
fin de creation fichier de sortie \n
debug generation resultat \n
1 thread \n
i : 1 \n
GCC \n
debut creation fichiers de sortie\n
fin de creation fichier de sortie \n
debug generation resultat \n
1 thread \n
i : 1 \n
GCC \n
INTEL \n
CLANG \n
2 thread \n
i : 1 \n
GCC \n
INTEL \n
CLANG \n
3 thread \n
i : 1 \n
GCC \n
INTEL \n
CLANG \n
4 thread \n
i : 1 \n
GCC \n
INTEL \n
CLANG \n
5 thread \n
i : 1 \n
GCC \n
INTEL \n
CLANG \n
6 thread \n
i : 1 \n
GCC \n
INTEL \n
CLANG \n
7 thread \n
i : 1 \n
GCC \n
INTEL \n
CLANG \n
8 thread \n
i : 1 \n
GCC \n
INTEL \n
CLANG \n
debut creation fichiers de sortie\n
fin de creation fichier de sortie \n
debug generation resultat \n
Scatter\n
i : 1 \n
i : 2 \n
i : 3 \n
i : 4 \n
i : 5 \n
i : 6 \n
i : 7 \n
i : 8 \n
i : 9 \n
i : 10 \n
i : 11 \n
i : 12 \n
i : 13 \n
i : 14 \n
i : 15 \n
i : 16 \n
i : 17 \n
i : 18 \n
i : 19 \n
i : 20 \n
i : 1 \n
i : 2 \n
i : 3 \n
i : 4 \n
i : 5 \n
i : 6 \n
i : 7 \n
i : 8 \n
i : 9 \n
i : 10 \n
i : 11 \n
i : 12 \n
i : 13 \n
i : 14 \n
i : 15 \n
i : 16 \n
i : 17 \n
i : 18 \n
i : 19 \n
i : 20 \n
./script_graph_map.sh: line 1: !/bin/sh: No such file or directory
debut creation fichiers de sortie\n
sorted
gcc
i : 1 \n
i : 2 \n
i : 3 \n
i : 4 \n
i : 5 \n
i : 6 \n
i : 7 \n
i : 8 \n
i : 9 \n
i : 10 \n
i : 11 \n
i : 12 \n
i : 13 \n
i : 14 \n
i : 15 \n
i : 16 \n
i : 17 \n
i : 18 \n
i : 19 \n
i : 20 \n
intel
i : 1 \n
i : 2 \n
i : 3 \n
i : 4 \n
i : 5 \n
i : 6 \n
i : 7 \n
i : 8 \n
i : 9 \n
i : 10 \n
i : 11 \n
i : 12 \n
i : 13 \n
i : 14 \n
i : 15 \n
i : 16 \n
i : 17 \n
i : 18 \n
i : 19 \n
i : 20 \n
clang
i : 1 \n
i : 2 \n
i : 3 \n
i : 4 \n
i : 5 \n
i : 6 \n
i : 7 \n
i : 8 \n
i : 9 \n
i : 10 \n
i : 11 \n
i : 12 \n
i : 13 \n
i : 14 \n
i : 15 \n
i : 16 \n
i : 17 \n
i : 18 \n
i : 19 \n
i : 20 \n
unsorted
gcc
i : 1 \n
i : 2 \n
i : 3 \n
i : 4 \n
i : 5 \n
i : 6 \n
i : 7 \n
i : 8 \n
i : 9 \n
i : 10 \n
i : 11 \n
i : 12 \n
i : 13 \n
i : 14 \n
i : 15 \n
i : 16 \n
i : 17 \n
i : 18 \n
i : 19 \n
i : 20 \n
intel
i : 1 \n
i : 2 \n
i : 3 \n
i : 4 \n
i : 5 \n
i : 6 \n
i : 7 \n
i : 8 \n
i : 9 \n
i : 10 \n
i : 11 \n
i : 12 \n
i : 13 \n
i : 14 \n
i : 15 \n
i : 16 \n
i : 17 \n
i : 18 \n
i : 19 \n
i : 20 \n
clang
i : 1 \n
i : 2 \n
i : 3 \n
i : 4 \n
i : 5 \n
i : 6 \n
i : 7 \n
i : 8 \n
i : 9 \n
i : 10 \n
i : 11 \n
i : 12 \n
i : 13 \n
i : 14 \n
i : 15 \n
i : 16 \n
i : 17 \n
i : 18 \n
i : 19 \n
i : 20 \n
./script_graph_trie.sh: line 1: !/bin/sh: No such file or directory
debut creation fichiers de sortie\n
gcc
i : 1 \n
i : 2 \n
i : 3 \n
i : 4 \n
i : 5 \n
i : 6 \n
i : 7 \n
i : 8 \n
i : 9 \n
i : 10 \n
i : 11 \n
i : 12 \n
i : 13 \n
i : 14 \n
i : 15 \n
i : 16 \n
i : 17 \n
i : 18 \n
i : 19 \n
i : 20 \n
intel
i : 1 \n
i : 2 \n
i : 3 \n
i : 4 \n
i : 5 \n
i : 6 \n
i : 7 \n
i : 8 \n
i : 9 \n
i : 10 \n
i : 11 \n
i : 12 \n
i : 13 \n
i : 14 \n
i : 15 \n
i : 16 \n
i : 17 \n
i : 18 \n
i : 19 \n
i : 20 \n
clang
i : 1 \n
i : 2 \n
i : 3 \n
i : 4 \n
i : 5 \n
i : 6 \n
i : 7 \n
i : 8 \n
i : 9 \n
i : 10 \n
i : 11 \n
i : 12 \n
i : 13 \n
i : 14 \n
i : 15 \n
i : 16 \n
i : 17 \n
i : 18 \n
i : 19 \n
i : 20 \n
debut creation fichiers de sortie
fin de creation fichier de sortie
debug generation resultat
1 thread
i : 1 \n
GCC \n
debut creation fichiers de sortie
fin de creation fichier de sortie
debug generation resultat
1 thread
i : 1 \n
GCC \n
INTEL \n
CLANG \n
2 thread \n
i : 1 \n
GCC \n
INTEL \n
CLANG \n
3 thread \n
i : 1 \n
GCC \n
INTEL \n
CLANG \n
4 thread \n
i : 1 \n
GCC \n
INTEL \n
CLANG \n
5 thread \n
i : 1 \n
GCC \n
debut creation fichiers de sortie
fin de creation fichier de sortie
debug generation resultat
1 thread
i : 1 \n
GCC \n
INTEL \n
CLANG \n
2 thread \n
i : 1 \n
GCC \n
INTEL \n
CLANG \n
3 thread \n
i : 1 \n
GCC \n
INTEL \n
CLANG \n
4 thread \n
i : 1 \n
GCC \n
INTEL \n
CLANG \n
5 thread \n
i : 1 \n
GCC \n
INTEL \n
CLANG \n
6 thread \n
i : 1 \n
GCC \n
INTEL \n
CLANG \n
7 thread \n
i : 1 \n
GCC \n
INTEL \n
CLANG \n
8 thread \n
i : 1 \n
GCC \n
INTEL \n
CLANG \n
debut creation fichiers de sortie\n
gcc
i : 1 \n
i : 2 \n
i : 3 \n
i : 4 \n
i : 5 \n
i : 6 \n
i : 7 \n
i : 8 \n
i : 9 \n
i : 10 \n
i : 11 \n
i : 12 \n
i : 13 \n
i : 14 \n
i : 15 \n
i : 16 \n
i : 17 \n
i : 18 \n
i : 19 \n
i : 20 \n
intel
i : 1 \n
i : 2 \n
i : 3 \n
i : 4 \n
i : 5 \n
i : 6 \n
i : 7 \n
i : 8 \n
i : 9 \n
i : 10 \n
i : 11 \n
i : 12 \n
i : 13 \n
i : 14 \n
i : 15 \n
i : 16 \n
i : 17 \n
i : 18 \n
i : 19 \n
i : 20 \n
clang
i : 1 \n
i : 2 \n
i : 3 \n
i : 4 \n
i : 5 \n
i : 6 \n
i : 7 \n
i : 8 \n
i : 9 \n
i : 10 \n
i : 11 \n
i : 12 \n
i : 13 \n
i : 14 \n
i : 15 \n
i : 16 \n
i : 17 \n
i : 18 \n
i : 19 \n
i : 20 \n
debut creation fichiers de sortie

fin de creation fichier de sortie 

debug generation resultat 

ia commence 

i : 1 

GCC 

INTEL 

CLANG 

i : 2 

GCC 

INTEL 

CLANG 

i : 3 

GCC 

INTEL 

CLANG 

i : 4 

GCC 

INTEL 

CLANG 

i : 5 

GCC 

INTEL 

CLANG 

i : 6 

GCC 

INTEL 

CLANG 

i : 7 

GCC 

INTEL 

CLANG 

i : 8 

GCC 

INTEL 

CLANG 

i : 9 

GCC 

INTEL 

CLANG 

i : 10 

GCC 

INTEL 

CLANG 

i : 11 

GCC 

INTEL 

CLANG 

i : 12 

GCC 

INTEL 

CLANG 

i : 13 

GCC 

INTEL 

CLANG 

i : 14 

GCC 

INTEL 

CLANG 

i : 15 

GCC 

INTEL 

CLANG 

i : 16 

GCC 

INTEL 

CLANG 

i : 17 

GCC 

INTEL 

CLANG 

i : 18 

GCC 

INTEL 

CLANG 

i : 19 

GCC 

INTEL 

CLANG 

i : 20 

GCC 

INTEL 

CLANG 

joueur commence

i : 1 

GCC 

INTEL 

CLANG 

cat: ../../input/j2.txt: No such file or directory
Segmentation fault
cat: ../../input/j2.txt: No such file or directory
Segmentation fault
i : 2 

GCC 

INTEL 

CLANG 

cat: ../../input/j2.txt: No such file or directory
Segmentation fault
cat: ../../input/j2.txt: No such file or directory
Segmentation fault
i : 3 

GCC 

INTEL 

CLANG 

cat: ../../input/j2.txt: No such file or directory
Segmentation fault
cat: ../../input/j2.txt: No such file or directory
Segmentation fault
i : 4 

GCC 

INTEL 

CLANG 

cat: ../../input/j2.txt: No such file or directory
Segmentation fault
cat: ../../input/j2.txt: No such file or directory
Segmentation fault
i : 5 

GCC 

INTEL 

CLANG 

cat: ../../input/j2.txt: No such file or directory
Segmentation fault
cat: ../../input/j2.txt: No such file or directory
Segmentation fault
i : 6 

GCC 

INTEL 

CLANG 

cat: ../../input/j2.txt: No such file or directory
Segmentation fault
cat: ../../input/j2.txt: No such file or directory
Segmentation fault
i : 7 

GCC 

INTEL 

CLANG 

cat: ../../input/j2.txt: No such file or directory
Segmentation fault
cat: ../../input/j2.txt: No such file or directory
Segmentation fault
i : 8 

GCC 

INTEL 

CLANG 

cat: ../../input/j2.txt: No such file or directory
Segmentation fault
cat: ../../input/j2.txt: No such file or directory
Segmentation fault
i : 9 

GCC 

INTEL 

CLANG 

cat: ../../input/j2.txt: No such file or directory
Segmentation fault
cat: ../../input/j2.txt: No such file or directory
Segmentation fault
i : 10 

GCC 

INTEL 

CLANG 

cat: ../../input/j2.txt: No such file or directory
Segmentation fault
cat: ../../input/j2.txt: No such file or directory
Segmentation fault
i : 11 

GCC 

INTEL 

CLANG 

cat: ../../input/j2.txt: No such file or directory
Segmentation fault
cat: ../../input/j2.txt: No such file or directory
Segmentation fault
i : 12 

GCC 

INTEL 

CLANG 

cat: ../../input/j2.txt: No such file or directory
Segmentation fault
cat: ../../input/j2.txt: No such file or directory
Segmentation fault
i : 13 

GCC 

INTEL 

CLANG 

cat: ../../input/j2.txt: No such file or directory
Segmentation fault
cat: ../../input/j2.txt: No such file or directory
Segmentation fault
i : 14 

GCC 

INTEL 

CLANG 

cat: ../../input/j2.txt: No such file or directory
Segmentation fault
cat: ../../input/j2.txt: No such file or directory
Segmentation fault
i : 15 

GCC 

