<?xml version="1.0" encoding="utf-8"?>
<log version="1.0" tool="runtool">

<msg id="1" tool="runtool">
  <type>log-start</type>
  <arg>2018/04/30 21:04:27</arg>
</msg>
<msg id="2" tool="runtool">
  <type>collector-starts</type>
</msg>
<msg id="3" tool="runtool">
  <type>marker-file</type>
  <arg>/home/ingambe/ter/intel_tools/advisor/dependencies/e000/dp000/dp000.advixe</arg>
</msg>
<msg id="4" tool="tc">
  <type>START</type>
  <severity>INFO</severity>
  <timestamp>Mon Apr 30 21:04:27 2018</timestamp>
</msg>
<msg id="5" tool="tc">
  <type>EXEC_OF_INTEREST</type>
  <arg>/home/ingambe/ter/bin/advisor.out</arg>
  <arg>12091</arg>
  <severity>INFO</severity>
  <timestamp>Mon Apr 30 21:04:27 2018</timestamp>
</msg>
<msg id="6" tool="tc">
  <type>LOAD_MODULE</type>
  <arg>/home/ingambe/ter/bin/advisor.out</arg>
  <arg>0x400000</arg>
  <arg>0x604287</arg>
  <severity>INFO</severity>
  <timestamp>Mon Apr 30 21:04:27 2018</timestamp>
</msg>
<msg id="7" tool="tc">
  <type>LOAD_MODULE</type>
  <arg>/lib64/ld-linux-x86-64.so.2</arg>
  <arg>0x7f4930064000</arg>
  <arg>0x7f493028d16f</arg>
  <severity>INFO</severity>
  <timestamp>Mon Apr 30 21:04:27 2018</timestamp>
</msg>
<msg id="8" tool="tc">
  <type>LOAD_MODULE</type>
  <arg>[vdso]</arg>
  <arg>0x7ffff933f000</arg>
  <arg>0x7ffff934000a</arg>
  <severity>INFO</severity>
  <timestamp>Mon Apr 30 21:04:27 2018</timestamp>
</msg>
<msg id="9" tool="tc">
  <type>LOAD_MODULE</type>
  <arg>/opt/intel/compilers_and_libraries_2018.2.199/linux/compiler/lib/intel64/libimf.so</arg>
  <arg>0x7f491ab0e000</arg>
  <arg>0x7f491b09d347</arg>
  <severity>INFO</severity>
  <timestamp>Mon Apr 30 21:04:27 2018</timestamp>
</msg>
<msg id="10" tool="tc">
  <type>LOAD_MODULE</type>
  <arg>/opt/intel/compilers_and_libraries_2018.2.199/linux/compiler/lib/intel64/libsvml.so</arg>
  <arg>0x7f49193f1000</arg>
  <arg>0x7f491aaa66ff</arg>
  <severity>INFO</severity>
  <timestamp>Mon Apr 30 21:04:27 2018</timestamp>
</msg>
<msg id="11" tool="tc">
  <type>LOAD_MODULE</type>
  <arg>/opt/intel/compilers_and_libraries_2018.2.199/linux/compiler/lib/intel64/libirng.so</arg>
  <arg>0x7f491903d000</arg>
  <arg>0x7f49193b0a17</arg>
  <severity>INFO</severity>
  <timestamp>Mon Apr 30 21:04:28 2018</timestamp>
</msg>
<msg id="12" tool="tc">
  <type>LOAD_MODULE</type>
  <arg>/usr/lib/x86_64-linux-gnu/libstdc++.so.6</arg>
  <arg>0x7f4918c76000</arg>
  <arg>0x7f491900301f</arg>
  <severity>INFO</severity>
  <timestamp>Mon Apr 30 21:04:28 2018</timestamp>
</msg>
<msg id="13" tool="tc">
  <type>LOAD_MODULE</type>
  <arg>/lib/x86_64-linux-gnu/libm.so.6</arg>
  <arg>0x7f49188c8000</arg>
  <arg>0x7f4918c65157</arg>
  <severity>INFO</severity>
  <timestamp>Mon Apr 30 21:04:28 2018</timestamp>
</msg>
<msg id="14" tool="tc">
  <type>LOAD_MODULE</type>
  <arg>/opt/intel/compilers_and_libraries_2018.2.199/linux/compiler/lib/intel64/libiomp5.so</arg>
  <arg>0x7f49184f0000</arg>
  <arg>0x7f49188c723f</arg>
  <severity>INFO</severity>
  <timestamp>Mon Apr 30 21:04:28 2018</timestamp>
</msg>
<msg id="15" tool="tc">
  <type>LOAD_MODULE</type>
  <arg>/lib/x86_64-linux-gnu/libgcc_s.so.1</arg>
  <arg>0x7f49182d8000</arg>
  <arg>0x7f49184ef42f</arg>
  <severity>INFO</severity>
  <timestamp>Mon Apr 30 21:04:28 2018</timestamp>
</msg>
<msg id="16" tool="tc">
  <type>LOAD_MODULE</type>
  <arg>/opt/intel/compilers_and_libraries_2018.2.199/linux/compiler/lib/intel64/libintlc.so.5</arg>
  <arg>0x7f491806a000</arg>
  <arg>0x7f49182d7f7f</arg>
  <severity>INFO</severity>
  <timestamp>Mon Apr 30 21:04:28 2018</timestamp>
</msg>
<msg id="17" tool="tc">
  <type>LOAD_MODULE</type>
  <arg>/lib/x86_64-linux-gnu/libpthread.so.0</arg>
  <arg>0x7f4917e4b000</arg>
  <arg>0x7f491806947f</arg>
  <severity>INFO</severity>
  <timestamp>Mon Apr 30 21:04:28 2018</timestamp>
</msg>
<msg id="18" tool="tc">
  <type>LOAD_MODULE</type>
  <arg>/lib/x86_64-linux-gnu/libc.so.6</arg>
  <arg>0x7f4917a5a000</arg>
  <arg>0x7f4917e4aadf</arg>
  <severity>INFO</severity>
  <timestamp>Mon Apr 30 21:04:28 2018</timestamp>
</msg>
<msg id="19" tool="tc">
  <type>LOAD_MODULE</type>
  <arg>/lib/x86_64-linux-gnu/libdl.so.2</arg>
  <arg>0x7f4917856000</arg>
  <arg>0x7f4917a5910f</arg>
  <severity>INFO</severity>
  <timestamp>Mon Apr 30 21:04:29 2018</timestamp>
</msg>
<msg id="20" tool="tc">
  <type>UNLOAD_MODULE</type>
  <arg>/home/ingambe/ter/bin/advisor.out</arg>
  <severity>INFO</severity>
  <timestamp>Mon Apr 30 21:16:20 2018</timestamp>
</msg>
<msg id="21" tool="tc">
  <type>UNLOAD_MODULE</type>
  <arg>/lib64/ld-linux-x86-64.so.2</arg>
  <severity>INFO</severity>
  <timestamp>Mon Apr 30 21:16:20 2018</timestamp>
</msg>
<msg id="22" tool="tc">
  <type>UNLOAD_MODULE</type>
  <arg>[vdso]</arg>
  <severity>INFO</severity>
  <timestamp>Mon Apr 30 21:16:20 2018</timestamp>
</msg>
<msg id="23" tool="tc">
  <type>UNLOAD_MODULE</type>
  <arg>/opt/intel/compilers_and_libraries_2018.2.199/linux/compiler/lib/intel64/libimf.so</arg>
  <severity>INFO</severity>
  <timestamp>Mon Apr 30 21:16:20 2018</timestamp>
</msg>
<msg id="24" tool="tc">
  <type>UNLOAD_MODULE</type>
  <arg>/opt/intel/compilers_and_libraries_2018.2.199/linux/compiler/lib/intel64/libsvml.so</arg>
  <severity>INFO</severity>
  <timestamp>Mon Apr 30 21:16:20 2018</timestamp>
</msg>
<msg id="25" tool="tc">
  <type>UNLOAD_MODULE</type>
  <arg>/opt/intel/compilers_and_libraries_2018.2.199/linux/compiler/lib/intel64/libirng.so</arg>
  <severity>INFO</severity>
  <timestamp>Mon Apr 30 21:16:20 2018</timestamp>
</msg>
<msg id="26" tool="tc">
  <type>UNLOAD_MODULE</type>
  <arg>/usr/lib/x86_64-linux-gnu/libstdc++.so.6</arg>
  <severity>INFO</severity>
  <timestamp>Mon Apr 30 21:16:20 2018</timestamp>
</msg>
<msg id="27" tool="tc">
  <type>UNLOAD_MODULE</type>
  <arg>/lib/x86_64-linux-gnu/libm.so.6</arg>
  <severity>INFO</severity>
  <timestamp>Mon Apr 30 21:16:20 2018</timestamp>
</msg>
<msg id="28" tool="tc">
  <type>UNLOAD_MODULE</type>
  <arg>/opt/intel/compilers_and_libraries_2018.2.199/linux/compiler/lib/intel64/libiomp5.so</arg>
  <severity>INFO</severity>
  <timestamp>Mon Apr 30 21:16:20 2018</timestamp>
</msg>
<msg id="29" tool="tc">
  <type>UNLOAD_MODULE</type>
  <arg>/lib/x86_64-linux-gnu/libgcc_s.so.1</arg>
  <severity>INFO</severity>
  <timestamp>Mon Apr 30 21:16:20 2018</timestamp>
</msg>
<msg id="30" tool="tc">
  <type>UNLOAD_MODULE</type>
  <arg>/opt/intel/compilers_and_libraries_2018.2.199/linux/compiler/lib/intel64/libintlc.so.5</arg>
  <severity>INFO</severity>
  <timestamp>Mon Apr 30 21:16:20 2018</timestamp>
</msg>
<msg id="31" tool="tc">
  <type>UNLOAD_MODULE</type>
  <arg>/lib/x86_64-linux-gnu/libpthread.so.0</arg>
  <severity>INFO</severity>
  <timestamp>Mon Apr 30 21:16:20 2018</timestamp>
</msg>
<msg id="32" tool="tc">
  <type>UNLOAD_MODULE</type>
  <arg>/lib/x86_64-linux-gnu/libc.so.6</arg>
  <severity>INFO</severity>
  <timestamp>Mon Apr 30 21:16:20 2018</timestamp>
</msg>
<msg id="33" tool="tc">
  <type>UNLOAD_MODULE</type>
  <arg>/lib/x86_64-linux-gnu/libdl.so.2</arg>
  <severity>INFO</severity>
  <timestamp>Mon Apr 30 21:16:20 2018</timestamp>
</msg>
<msg id="34" tool="tc">
  <type>PROCESS_TERMINATE</type>
  <arg>/home/ingambe/ter/bin/advisor.out</arg>
  <arg>12091</arg>
  <severity>INFO</severity>
  <timestamp>Mon Apr 30 21:16:20 2018</timestamp>
</msg>
<msg id="35" tool="tc">
  <type>NO_ANNOTATIONS</type>
  <severity>WARNING</severity>
  <timestamp>Mon Apr 30 21:16:20 2018</timestamp>
</msg>
<msg id="36" tool="tc">
  <type>ANALYSIS_COMPLETE</type>
  <severity>INFO</severity>
  <timestamp>Mon Apr 30 21:16:20 2018</timestamp>
</msg>
<msg id="37" tool="tc">
  <type>STOP</type>
  <severity>INFO</severity>
  <timestamp>Mon Apr 30 21:16:20 2018</timestamp>
</msg>
<msg id="38" tool="runtool">
  <type>app-exit-code</type>
  <arg>0</arg>
</msg>
<msg id="39" tool="runtool">
  <type>marker-file</type>
  <arg>/home/ingambe/ter/intel_tools/advisor/dependencies/e000/dp000/dp000.advixe</arg>
</msg>
<msg id="40" tool="runtool">
  <type>collector-done</type>
</msg>
<msg id="41" tool="runtool">
  <type>log-end</type>
  <arg>2018/04/30 21:16:24</arg>
</msg>

</log>

