<?xml version="1.0" encoding="utf-8" ?>
<!-- DO NOT EDIT THIS FILE -->

<log version='2.0' source='tcet'>
	<!-- Opened annotation file /opt/intel/advisor_2018.2.0.551025/lib64/../config/tc/qt.ant -->
	<!-- Opened annotation file /opt/intel/advisor_2018.2.0.551025/lib64/../config/tc/cpp11.ant -->
	<!-- Opened annotation file /opt/intel/advisor_2018.2.0.551025/lib64/../config/tc/fortran.ant -->
	<!-- Opened annotation file /opt/intel/advisor_2018.2.0.551025/lib64/../config/tc/icl.ant -->
	<!-- Opened annotation file /opt/intel/advisor_2018.2.0.551025/lib64/../config/tc/allocators.ant -->
	<!-- Opened annotation file /opt/intel/advisor_2018.2.0.551025/lib64/../config/tc/userapi.ant -->
	<msg id='1' display='false' source='tccore'>
		<type>START</type>
		<severity>INFO</severity>
		<timestamp>Mon Apr 30 21:04:27 2018</timestamp>
	</msg>
	<!-- Successfully loaded CCRT 13.1.8 at address 0x7f492f021000 - 0x7f492f02a000 -->
	<!-- Successfully loaded the TC Analysis Core 8.3.6 at address 0x7f491bfc7000 - 0x7f491c003000 -->
	<!-- Successfully loaded the TC Instrumentation Engine 8.3.6 at address 0x7f492f02a000 - 0x7f492f277000 -->
	<!-- This is the instance of interest -->
	<msg id='2' source='tcet'>
		<type>EXEC_OF_INTEREST</type>
		<severity>INFO</severity>
		<timestamp>Mon Apr 30 21:04:27 2018</timestamp>
		<arg name='process'>/home/ingambe/ter/bin/advisor.out</arg>
		<arg name='pid'>12091</arg>
	</msg>
	<msg id='3' source='tcet'>
		<type>LOAD_MODULE</type>
		<severity>INFO</severity>
		<timestamp>Mon Apr 30 21:04:27 2018</timestamp>
		<arg name='module'>/home/ingambe/ter/bin/advisor.out</arg>
		<arg name='basement'>0x400000</arg>
		<arg name='ceiling'>0x604287</arg>
	</msg>
	<msg id='4' source='tcet'>
		<type>LOAD_MODULE</type>
		<severity>INFO</severity>
		<timestamp>Mon Apr 30 21:04:27 2018</timestamp>
		<arg name='module'>/lib64/ld-linux-x86-64.so.2</arg>
		<arg name='basement'>0x7f4930064000</arg>
		<arg name='ceiling'>0x7f493028d16f</arg>
	</msg>
	<msg id='5' source='tcet'>
		<type>LOAD_MODULE</type>
		<severity>INFO</severity>
		<timestamp>Mon Apr 30 21:04:27 2018</timestamp>
		<arg name='module'>[vdso]</arg>
		<arg name='basement'>0x7ffff933f000</arg>
		<arg name='ceiling'>0x7ffff934000a</arg>
	</msg>
	<msg id='6' source='tcet'>
		<type>LOAD_MODULE</type>
		<severity>INFO</severity>
		<timestamp>Mon Apr 30 21:04:27 2018</timestamp>
		<arg name='module'>/opt/intel/compilers_and_libraries_2018.2.199/linux/compiler/lib/intel64/libimf.so</arg>
		<arg name='basement'>0x7f491ab0e000</arg>
		<arg name='ceiling'>0x7f491b09d347</arg>
	</msg>
	<msg id='7' source='tcet'>
		<type>LOAD_MODULE</type>
		<severity>INFO</severity>
		<timestamp>Mon Apr 30 21:04:27 2018</timestamp>
		<arg name='module'>/opt/intel/compilers_and_libraries_2018.2.199/linux/compiler/lib/intel64/libsvml.so</arg>
		<arg name='basement'>0x7f49193f1000</arg>
		<arg name='ceiling'>0x7f491aaa66ff</arg>
	</msg>
	<msg id='8' source='tcet'>
		<type>LOAD_MODULE</type>
		<severity>INFO</severity>
		<timestamp>Mon Apr 30 21:04:28 2018</timestamp>
		<arg name='module'>/opt/intel/compilers_and_libraries_2018.2.199/linux/compiler/lib/intel64/libirng.so</arg>
		<arg name='basement'>0x7f491903d000</arg>
		<arg name='ceiling'>0x7f49193b0a17</arg>
	</msg>
	<msg id='9' source='tcet'>
		<type>LOAD_MODULE</type>
		<severity>INFO</severity>
		<timestamp>Mon Apr 30 21:04:28 2018</timestamp>
		<arg name='module'>/usr/lib/x86_64-linux-gnu/libstdc++.so.6</arg>
		<arg name='basement'>0x7f4918c76000</arg>
		<arg name='ceiling'>0x7f491900301f</arg>
	</msg>
	<msg id='10' source='tcet'>
		<type>LOAD_MODULE</type>
		<severity>INFO</severity>
		<timestamp>Mon Apr 30 21:04:28 2018</timestamp>
		<arg name='module'>/lib/x86_64-linux-gnu/libm.so.6</arg>
		<arg name='basement'>0x7f49188c8000</arg>
		<arg name='ceiling'>0x7f4918c65157</arg>
	</msg>
	<msg id='11' source='tcet'>
		<type>LOAD_MODULE</type>
		<severity>INFO</severity>
		<timestamp>Mon Apr 30 21:04:28 2018</timestamp>
		<arg name='module'>/opt/intel/compilers_and_libraries_2018.2.199/linux/compiler/lib/intel64/libiomp5.so</arg>
		<arg name='basement'>0x7f49184f0000</arg>
		<arg name='ceiling'>0x7f49188c723f</arg>
	</msg>
	<msg id='12' source='tcet'>
		<type>LOAD_MODULE</type>
		<severity>INFO</severity>
		<timestamp>Mon Apr 30 21:04:28 2018</timestamp>
		<arg name='module'>/lib/x86_64-linux-gnu/libgcc_s.so.1</arg>
		<arg name='basement'>0x7f49182d8000</arg>
		<arg name='ceiling'>0x7f49184ef42f</arg>
	</msg>
	<msg id='13' source='tcet'>
		<type>LOAD_MODULE</type>
		<severity>INFO</severity>
		<timestamp>Mon Apr 30 21:04:28 2018</timestamp>
		<arg name='module'>/opt/intel/compilers_and_libraries_2018.2.199/linux/compiler/lib/intel64/libintlc.so.5</arg>
		<arg name='basement'>0x7f491806a000</arg>
		<arg name='ceiling'>0x7f49182d7f7f</arg>
	</msg>
	<msg id='14' source='tcet'>
		<type>LOAD_MODULE</type>
		<severity>INFO</severity>
		<timestamp>Mon Apr 30 21:04:28 2018</timestamp>
		<arg name='module'>/lib/x86_64-linux-gnu/libpthread.so.0</arg>
		<arg name='basement'>0x7f4917e4b000</arg>
		<arg name='ceiling'>0x7f491806947f</arg>
	</msg>
	<msg id='15' source='tcet'>
		<type>LOAD_MODULE</type>
		<severity>INFO</severity>
		<timestamp>Mon Apr 30 21:04:28 2018</timestamp>
		<arg name='module'>/lib/x86_64-linux-gnu/libc.so.6</arg>
		<arg name='basement'>0x7f4917a5a000</arg>
		<arg name='ceiling'>0x7f4917e4aadf</arg>
	</msg>
	<msg id='16' source='tcet'>
		<type>LOAD_MODULE</type>
		<severity>INFO</severity>
		<timestamp>Mon Apr 30 21:04:29 2018</timestamp>
		<arg name='module'>/lib/x86_64-linux-gnu/libdl.so.2</arg>
		<arg name='basement'>0x7f4917856000</arg>
		<arg name='ceiling'>0x7f4917a5910f</arg>
	</msg>
	<msg id='17' source='tcet'>
		<type>UNLOAD_MODULE</type>
		<severity>INFO</severity>
		<timestamp>Mon Apr 30 21:16:20 2018</timestamp>
		<arg name='module'>/home/ingambe/ter/bin/advisor.out</arg>
	</msg>
	<msg id='18' source='tcet'>
		<type>UNLOAD_MODULE</type>
		<severity>INFO</severity>
		<timestamp>Mon Apr 30 21:16:20 2018</timestamp>
		<arg name='module'>/lib64/ld-linux-x86-64.so.2</arg>
	</msg>
	<msg id='19' source='tcet'>
		<type>UNLOAD_MODULE</type>
		<severity>INFO</severity>
		<timestamp>Mon Apr 30 21:16:20 2018</timestamp>
		<arg name='module'>[vdso]</arg>
	</msg>
	<msg id='20' source='tcet'>
		<type>UNLOAD_MODULE</type>
		<severity>INFO</severity>
		<timestamp>Mon Apr 30 21:16:20 2018</timestamp>
		<arg name='module'>/opt/intel/compilers_and_libraries_2018.2.199/linux/compiler/lib/intel64/libimf.so</arg>
	</msg>
	<msg id='21' source='tcet'>
		<type>UNLOAD_MODULE</type>
		<severity>INFO</severity>
		<timestamp>Mon Apr 30 21:16:20 2018</timestamp>
		<arg name='module'>/opt/intel/compilers_and_libraries_2018.2.199/linux/compiler/lib/intel64/libsvml.so</arg>
	</msg>
	<msg id='22' source='tcet'>
		<type>UNLOAD_MODULE</type>
		<severity>INFO</severity>
		<timestamp>Mon Apr 30 21:16:20 2018</timestamp>
		<arg name='module'>/opt/intel/compilers_and_libraries_2018.2.199/linux/compiler/lib/intel64/libirng.so</arg>
	</msg>
	<msg id='23' source='tcet'>
		<type>UNLOAD_MODULE</type>
		<severity>INFO</severity>
		<timestamp>Mon Apr 30 21:16:20 2018</timestamp>
		<arg name='module'>/usr/lib/x86_64-linux-gnu/libstdc++.so.6</arg>
	</msg>
	<msg id='24' source='tcet'>
		<type>UNLOAD_MODULE</type>
		<severity>INFO</severity>
		<timestamp>Mon Apr 30 21:16:20 2018</timestamp>
		<arg name='module'>/lib/x86_64-linux-gnu/libm.so.6</arg>
	</msg>
	<msg id='25' source='tcet'>
		<type>UNLOAD_MODULE</type>
		<severity>INFO</severity>
		<timestamp>Mon Apr 30 21:16:20 2018</timestamp>
		<arg name='module'>/opt/intel/compilers_and_libraries_2018.2.199/linux/compiler/lib/intel64/libiomp5.so</arg>
	</msg>
	<msg id='26' source='tcet'>
		<type>UNLOAD_MODULE</type>
		<severity>INFO</severity>
		<timestamp>Mon Apr 30 21:16:20 2018</timestamp>
		<arg name='module'>/lib/x86_64-linux-gnu/libgcc_s.so.1</arg>
	</msg>
	<msg id='27' source='tcet'>
		<type>UNLOAD_MODULE</type>
		<severity>INFO</severity>
		<timestamp>Mon Apr 30 21:16:20 2018</timestamp>
		<arg name='module'>/opt/intel/compilers_and_libraries_2018.2.199/linux/compiler/lib/intel64/libintlc.so.5</arg>
	</msg>
	<msg id='28' source='tcet'>
		<type>UNLOAD_MODULE</type>
		<severity>INFO</severity>
		<timestamp>Mon Apr 30 21:16:20 2018</timestamp>
		<arg name='module'>/lib/x86_64-linux-gnu/libpthread.so.0</arg>
	</msg>
	<msg id='29' source='tcet'>
		<type>UNLOAD_MODULE</type>
		<severity>INFO</severity>
		<timestamp>Mon Apr 30 21:16:20 2018</timestamp>
		<arg name='module'>/lib/x86_64-linux-gnu/libc.so.6</arg>
	</msg>
	<msg id='30' source='tcet'>
		<type>UNLOAD_MODULE</type>
		<severity>INFO</severity>
		<timestamp>Mon Apr 30 21:16:20 2018</timestamp>
		<arg name='module'>/lib/x86_64-linux-gnu/libdl.so.2</arg>
	</msg>
	<msg id='31' source='tcet'>
		<type>PROCESS_TERMINATE</type>
		<severity>INFO</severity>
		<timestamp>Mon Apr 30 21:16:20 2018</timestamp>
		<arg name='process'>/home/ingambe/ter/bin/advisor.out</arg>
		<arg name='pid'>12091</arg>
	</msg>
	<msg id='32' source='tccore'>
		<type>NO_ANNOTATIONS</type>
		<severity>WARNING</severity>
		<timestamp>Mon Apr 30 21:16:20 2018</timestamp>
	</msg>
	<msg id='33' display='false' source='tccore'>
		<type>ANALYSIS_COMPLETE</type>
		<severity>INFO</severity>
		<timestamp>Mon Apr 30 21:16:20 2018</timestamp>
	</msg>
	<msg id='34' display='false' source='tccore'>
		<type>STOP</type>
		<severity>INFO</severity>
		<timestamp>Mon Apr 30 21:16:20 2018</timestamp>
	</msg>
</log>